TN:
SF:src\App.jsx
FN:24,App
FN:25,(anonymous_1)
FN:34,(anonymous_2)
FN:43,(anonymous_3)
FN:52,(anonymous_4)
FN:61,(anonymous_5)
FN:79,(anonymous_6)
FN:87,(anonymous_7)
FN:95,(anonymous_8)
FN:106,(anonymous_9)
FN:115,(anonymous_10)
FN:127,(anonymous_11)
FN:137,(anonymous_12)
FN:146,(anonymous_13)
FN:160,(anonymous_14)
FN:170,(anonymous_15)
FN:181,(anonymous_16)
FN:189,(anonymous_17)
FN:198,(anonymous_18)
FN:205,(anonymous_19)
FN:212,(anonymous_20)
FN:216,(anonymous_21)
FN:221,(anonymous_22)
FN:226,(anonymous_23)
FN:231,(anonymous_24)
FN:264,(anonymous_25)
FN:265,(anonymous_26)
FN:344,(anonymous_27)
FN:432,(anonymous_28)
FNF:29
FNH:24
FNDA:24,App
FNDA:19,(anonymous_1)
FNDA:19,(anonymous_2)
FNDA:19,(anonymous_3)
FNDA:19,(anonymous_4)
FNDA:19,(anonymous_5)
FNDA:19,(anonymous_6)
FNDA:19,(anonymous_7)
FNDA:19,(anonymous_8)
FNDA:19,(anonymous_9)
FNDA:19,(anonymous_10)
FNDA:19,(anonymous_11)
FNDA:2,(anonymous_12)
FNDA:2,(anonymous_13)
FNDA:0,(anonymous_14)
FNDA:0,(anonymous_15)
FNDA:19,(anonymous_16)
FNDA:19,(anonymous_17)
FNDA:21,(anonymous_18)
FNDA:21,(anonymous_19)
FNDA:19,(anonymous_20)
FNDA:21,(anonymous_21)
FNDA:21,(anonymous_22)
FNDA:21,(anonymous_23)
FNDA:21,(anonymous_24)
FNDA:0,(anonymous_25)
FNDA:0,(anonymous_26)
FNDA:0,(anonymous_27)
FNDA:3,(anonymous_28)
DA:20,1
DA:21,1
DA:22,1
DA:25,24
DA:26,19
DA:27,19
DA:28,19
DA:30,0
DA:34,24
DA:35,19
DA:36,19
DA:37,19
DA:39,0
DA:43,24
DA:44,19
DA:45,19
DA:46,19
DA:48,0
DA:52,24
DA:53,19
DA:54,19
DA:55,19
DA:57,0
DA:61,24
DA:62,19
DA:63,19
DA:64,19
DA:66,0
DA:70,24
DA:71,24
DA:73,24
DA:79,24
DA:80,19
DA:81,19
DA:83,0
DA:87,24
DA:88,19
DA:89,19
DA:91,0
DA:95,24
DA:96,19
DA:97,19
DA:98,19
DA:99,18
DA:101,0
DA:106,24
DA:107,19
DA:108,19
DA:110,0
DA:112,19
DA:115,24
DA:116,19
DA:117,19
DA:119,0
DA:121,19
DA:122,19
DA:123,1
DA:127,24
DA:128,19
DA:129,19
DA:131,0
DA:133,19
DA:137,24
DA:138,2
DA:139,2
DA:140,2
DA:141,2
DA:144,2
DA:145,2
DA:146,2
DA:147,2
DA:151,2
DA:152,2
DA:153,2
DA:156,0
DA:160,24
DA:161,0
DA:162,0
DA:163,0
DA:164,0
DA:166,0
DA:170,24
DA:171,0
DA:172,0
DA:173,0
DA:174,0
DA:176,0
DA:181,24
DA:182,19
DA:183,19
DA:185,0
DA:189,24
DA:190,19
DA:191,19
DA:193,0
DA:198,24
DA:199,21
DA:200,9
DA:205,24
DA:206,21
DA:207,12
DA:209,9
DA:212,24
DA:213,19
DA:216,24
DA:217,21
DA:218,21
DA:221,24
DA:222,21
DA:223,9
DA:226,24
DA:227,21
DA:228,9
DA:231,24
DA:232,21
DA:233,9
DA:236,24
DA:264,0
DA:265,0
DA:344,0
DA:432,3
LF:121
LH:94
BRDA:28,0,0,7
BRDA:28,0,1,12
BRDA:37,1,0,7
BRDA:37,1,1,12
BRDA:37,2,0,7
BRDA:37,2,1,0
BRDA:46,3,0,7
BRDA:46,3,1,12
BRDA:55,4,0,0
BRDA:55,4,1,19
BRDA:64,5,0,0
BRDA:64,5,1,19
BRDA:89,6,0,19
BRDA:89,6,1,18
BRDA:98,7,0,1
BRDA:98,7,1,18
BRDA:122,8,0,1
BRDA:122,8,1,18
BRDA:171,9,0,0
BRDA:171,9,1,0
BRDA:199,10,0,9
BRDA:199,10,1,12
BRDA:206,11,0,12
BRDA:206,11,1,9
BRDA:222,12,0,12
BRDA:222,12,1,9
BRDA:227,13,0,12
BRDA:227,13,1,9
BRDA:232,14,0,12
BRDA:232,14,1,9
BRDA:246,15,0,24
BRDA:246,15,1,9
BRDA:284,16,0,24
BRDA:284,16,1,9
BRDA:296,17,0,24
BRDA:296,17,1,9
BRDA:309,18,0,9
BRDA:309,18,1,15
BRDA:441,19,0,24
BRDA:441,19,1,3
BRF:40
BRH:35
end_of_record
TN:
SF:src\components\AccessibilitySettings.jsx
FN:4,AccessibilitySettings
FN:17,(anonymous_1)
FN:18,handleClickOutside
FN:24,(anonymous_3)
FN:28,(anonymous_4)
FN:29,handleKeyDown
FN:36,(anonymous_6)
FN:39,(anonymous_7)
FN:39,(anonymous_8)
FN:73,(anonymous_9)
FN:88,(anonymous_10)
FN:106,(anonymous_11)
FNF:12
FNH:12
FNDA:43,AccessibilitySettings
FNDA:28,(anonymous_1)
FNDA:21,handleClickOutside
FNDA:28,(anonymous_3)
FNDA:38,(anonymous_4)
FNDA:1,handleKeyDown
FNDA:38,(anonymous_6)
FNDA:9,(anonymous_7)
FNDA:9,(anonymous_8)
FNDA:1,(anonymous_9)
FNDA:1,(anonymous_10)
FNDA:1,(anonymous_11)
DA:12,43
DA:13,43
DA:14,43
DA:17,43
DA:19,21
DA:20,11
DA:23,28
DA:24,28
DA:28,43
DA:30,1
DA:31,1
DA:32,1
DA:35,38
DA:36,38
DA:39,43
DA:41,43
DA:73,1
DA:88,1
DA:106,1
LF:19
LH:19
BRDA:19,0,0,11
BRDA:19,0,1,10
BRDA:19,1,0,21
BRDA:19,1,1,21
BRDA:30,2,0,1
BRDA:30,2,1,0
BRDA:30,3,0,1
BRDA:30,3,1,1
BRDA:56,4,0,43
BRDA:56,4,1,8
BRF:10
BRH:9
end_of_record
TN:
SF:src\components\CarbonForecastCard.jsx
FN:4,CarbonForecastCard
FN:25,(anonymous_1)
FN:28,(anonymous_2)
FN:33,(anonymous_3)
FN:36,(anonymous_4)
FN:37,(anonymous_5)
FN:40,(anonymous_6)
FN:41,(anonymous_7)
FN:44,(anonymous_8)
FN:45,(anonymous_9)
FN:48,(anonymous_10)
FN:60,(anonymous_11)
FN:76,(anonymous_12)
FN:78,(anonymous_13)
FN:79,(anonymous_14)
FN:134,(anonymous_15)
FN:166,(anonymous_16)
FN:196,(anonymous_17)
FN:211,(anonymous_18)
FN:223,(anonymous_19)
FN:224,(anonymous_20)
FN:225,(anonymous_21)
FN:226,(anonymous_22)
FN:227,(anonymous_23)
FN:353,(anonymous_24)
FNF:25
FNH:20
FNDA:9,CarbonForecastCard
FNDA:396,(anonymous_1)
FNDA:54,(anonymous_2)
FNDA:405,(anonymous_3)
FNDA:9,(anonymous_4)
FNDA:54,(anonymous_5)
FNDA:9,(anonymous_6)
FNDA:54,(anonymous_7)
FNDA:9,(anonymous_8)
FNDA:54,(anonymous_9)
FNDA:9,(anonymous_10)
FNDA:9,(anonymous_11)
FNDA:9,(anonymous_12)
FNDA:27,(anonymous_13)
FNDA:27,(anonymous_14)
FNDA:45,(anonymous_15)
FNDA:54,(anonymous_16)
FNDA:54,(anonymous_17)
FNDA:54,(anonymous_18)
FNDA:0,(anonymous_19)
FNDA:0,(anonymous_20)
FNDA:0,(anonymous_21)
FNDA:0,(anonymous_22)
FNDA:0,(anonymous_23)
FNDA:18,(anonymous_24)
DA:9,9
DA:11,9
DA:14,9
DA:15,9
DA:16,9
DA:17,9
DA:18,9
DA:19,9
DA:21,9
DA:22,9
DA:25,396
DA:28,54
DA:29,9
DA:30,9
DA:31,9
DA:33,405
DA:36,9
DA:37,54
DA:40,9
DA:41,54
DA:44,9
DA:45,54
DA:48,9
DA:49,9
DA:50,9
DA:51,9
DA:52,9
DA:53,9
DA:57,9
DA:60,9
DA:61,9
DA:62,9
DA:63,9
DA:64,45
DA:66,9
DA:71,9
DA:72,9
DA:73,9
DA:76,9
DA:77,9
DA:78,27
DA:79,27
DA:83,9
DA:135,45
DA:167,54
DA:197,54
DA:212,54
DA:223,0
DA:224,0
DA:225,0
DA:226,0
DA:228,0
DA:229,0
DA:230,0
DA:354,18
LF:55
LH:48
BRDA:6,0,0,9
BRDA:7,1,0,9
BRDA:11,2,0,0
BRDA:11,2,1,9
BRDA:11,3,0,9
BRDA:11,3,1,9
BRDA:11,3,2,9
BRDA:31,4,0,9
BRDA:31,4,1,0
BRDA:37,5,0,9
BRDA:37,5,1,45
BRDA:41,6,0,9
BRDA:41,6,1,45
BRDA:45,7,0,9
BRDA:45,7,1,45
BRDA:49,8,0,0
BRDA:49,8,1,9
BRDA:57,9,0,0
BRDA:57,9,1,9
BRDA:176,10,0,9
BRDA:176,10,1,0
BRDA:202,11,0,0
BRDA:202,11,1,54
BRDA:204,12,0,0
BRDA:204,12,1,54
BRDA:228,13,0,0
BRDA:228,13,1,0
BRDA:228,14,0,0
BRDA:228,14,1,0
BRDA:238,15,0,9
BRDA:238,15,1,0
BRDA:238,15,2,0
BRDA:315,16,0,0
BRDA:315,16,1,9
BRDA:317,17,0,0
BRDA:317,17,1,9
BRDA:323,18,0,0
BRDA:323,18,1,9
BRDA:323,19,0,0
BRDA:323,19,1,9
BRDA:347,20,0,0
BRDA:347,20,1,9
BRF:42
BRH:24
end_of_record
TN:
SF:src\components\CarbonPersonalityCard.jsx
FN:13,CarbonPersonalityCard
FN:21,(anonymous_1)
FN:34,(anonymous_2)
FN:50,(anonymous_3)
FN:62,(anonymous_4)
FN:148,(anonymous_5)
FN:161,(anonymous_6)
FN:176,(anonymous_7)
FNF:8
FNH:6
FNDA:9,CarbonPersonalityCard
FNDA:9,(anonymous_1)
FNDA:0,(anonymous_2)
FNDA:0,(anonymous_3)
FNDA:27,(anonymous_4)
FNDA:18,(anonymous_5)
FNDA:27,(anonymous_6)
FNDA:27,(anonymous_7)
DA:5,1
DA:18,9
DA:21,9
DA:22,9
DA:23,9
DA:24,9
DA:26,0
DA:30,9
DA:32,9
DA:34,9
DA:35,0
DA:38,0
DA:39,0
DA:40,0
DA:49,0
DA:50,0
DA:53,0
DA:54,0
DA:55,0
DA:57,0
DA:62,9
DA:63,27
DA:64,6
DA:65,0
DA:66,0
DA:69,9
DA:149,18
DA:162,27
DA:177,27
LF:29
LH:16
BRDA:30,0,0,0
BRDA:30,0,1,9
BRDA:32,1,0,9
BRDA:32,1,1,0
BRDA:35,2,0,0
BRDA:35,2,1,0
BRDA:39,3,0,0
BRDA:39,3,1,0
BRDA:49,4,0,0
BRDA:49,4,1,0
BRDA:63,5,0,21
BRDA:63,5,1,6
BRDA:64,6,0,6
BRDA:64,6,1,0
BRDA:65,7,0,0
BRDA:65,7,1,0
BRDA:191,8,0,0
BRDA:191,8,1,9
BRDA:195,9,0,0
BRDA:195,9,1,9
BRF:20
BRH:7
end_of_record
TN:
SF:src\components\CarbonScannerCard.jsx
FN:6,CarbonScannerCard
FN:22,(anonymous_1)
FN:33,(anonymous_2)
FN:39,(anonymous_3)
FN:56,(anonymous_4)
FN:73,(anonymous_5)
FN:100,(anonymous_6)
FN:119,(anonymous_7)
FN:132,(anonymous_8)
FN:137,(anonymous_9)
FN:141,(anonymous_10)
FN:148,(anonymous_11)
FN:153,(anonymous_12)
FN:161,(anonymous_13)
FN:219,(anonymous_14)
FN:377,(anonymous_15)
FNF:16
FNH:10
FNDA:33,CarbonScannerCard
FNDA:4,(anonymous_1)
FNDA:4,(anonymous_2)
FNDA:0,(anonymous_3)
FNDA:4,(anonymous_4)
FNDA:4,(anonymous_5)
FNDA:4,(anonymous_6)
FNDA:0,(anonymous_7)
FNDA:0,(anonymous_8)
FNDA:0,(anonymous_9)
FNDA:0,(anonymous_10)
FNDA:4,(anonymous_11)
FNDA:2,(anonymous_12)
FNDA:1,(anonymous_13)
FNDA:0,(anonymous_14)
FNDA:1,(anonymous_15)
DA:7,33
DA:8,33
DA:9,33
DA:10,33
DA:11,33
DA:12,33
DA:13,33
DA:14,33
DA:15,33
DA:16,33
DA:17,33
DA:19,33
DA:22,33
DA:23,4
DA:24,4
DA:25,4
DA:26,0
DA:27,0
DA:29,0
DA:33,33
DA:34,4
DA:35,4
DA:36,4
DA:39,33
DA:40,0
DA:41,0
DA:42,0
DA:43,0
DA:44,0
DA:45,0
DA:46,0
DA:47,0
DA:48,0
DA:49,0
DA:51,0
DA:52,0
DA:53,0
DA:56,33
DA:57,4
DA:60,4
DA:61,0
DA:62,0
DA:63,0
DA:66,4
DA:67,4
DA:68,4
DA:70,4
DA:73,4
DA:74,4
DA:75,4
DA:81,4
DA:83,4
DA:84,4
DA:85,4
DA:88,4
DA:90,0
DA:94,4
DA:95,4
DA:96,4
DA:100,4
DA:101,4
DA:105,4
DA:106,4
DA:107,4
DA:108,4
DA:109,4
DA:110,4
DA:111,4
DA:113,0
DA:114,0
DA:115,0
DA:119,4
DA:120,0
DA:121,0
DA:124,4
DA:125,0
DA:128,4
DA:132,33
DA:133,0
DA:134,0
DA:137,33
DA:138,0
DA:141,33
DA:142,0
DA:143,0
DA:144,0
DA:145,0
DA:148,33
DA:149,4
DA:150,4
DA:153,33
DA:154,2
DA:155,2
DA:156,2
DA:157,2
DA:158,2
DA:161,33
DA:162,1
DA:164,1
DA:165,1
DA:167,1
DA:168,1
DA:169,1
DA:170,0
DA:175,0
DA:176,0
DA:177,0
DA:178,0
DA:182,0
DA:183,0
DA:184,0
DA:186,0
DA:187,0
DA:190,1
DA:191,1
DA:192,1
DA:195,33
DA:219,0
DA:377,1
LF:119
LH:75
BRDA:23,0,0,4
BRDA:23,0,1,1
BRDA:24,1,0,4
BRDA:24,1,1,0
BRDA:26,2,0,0
BRDA:26,2,1,0
BRDA:34,3,0,4
BRDA:34,3,1,1
BRDA:44,4,0,0
BRDA:44,4,1,0
BRDA:47,5,0,0
BRDA:47,5,1,0
BRDA:57,6,0,0
BRDA:57,6,1,4
BRDA:60,7,0,0
BRDA:60,7,1,4
BRDA:88,8,0,0
BRDA:88,8,1,4
BRDA:88,9,0,4
BRDA:88,9,1,0
BRDA:95,10,0,4
BRDA:95,10,1,0
BRDA:95,11,0,4
BRDA:95,11,1,0
BRDA:95,11,2,0
BRDA:114,12,0,0
BRDA:114,12,1,0
BRDA:124,13,0,0
BRDA:124,13,1,4
BRDA:162,14,0,0
BRDA:162,14,1,1
BRDA:167,15,0,1
BRDA:167,15,1,0
BRDA:170,16,0,0
BRDA:170,16,1,0
BRDA:177,17,0,0
BRDA:177,17,1,0
BRDA:183,18,0,0
BRDA:183,18,1,0
BRDA:184,19,0,0
BRDA:184,19,1,0
BRDA:213,20,0,33
BRDA:213,20,1,16
BRDA:215,21,0,0
BRDA:215,21,1,16
BRDA:226,22,0,0
BRDA:226,22,1,16
BRDA:227,23,0,0
BRDA:227,23,1,16
BRDA:247,24,0,33
BRDA:247,24,1,8
BRDA:270,25,0,33
BRDA:270,25,1,9
BRDA:310,26,0,9
BRDA:310,26,1,0
BRDA:321,27,0,9
BRDA:321,27,1,0
BRDA:322,28,0,9
BRDA:322,28,1,0
BRDA:331,29,0,5
BRDA:331,29,1,4
BRDA:381,30,0,5
BRDA:381,30,1,4
BRDA:397,31,0,33
BRDA:397,31,1,0
BRF:65
BRH:31
end_of_record
TN:
SF:src\components\CarbonScoreCard.jsx
FN:4,CarbonScoreCard
FN:17,(anonymous_1)
FN:95,(anonymous_2)
FN:130,(anonymous_3)
FN:131,(anonymous_4)
FN:168,(anonymous_5)
FNF:6
FNH:5
FNDA:22,CarbonScoreCard
FNDA:176,(anonymous_1)
FNDA:4,(anonymous_2)
FNDA:1,(anonymous_3)
FNDA:0,(anonymous_4)
FNDA:42,(anonymous_5)
DA:5,22
DA:6,22
DA:11,22
DA:12,22
DA:13,22
DA:17,176
DA:20,22
DA:21,22
DA:23,22
DA:96,4
DA:130,1
DA:131,0
DA:169,42
LF:13
LH:12
BRDA:4,0,0,22
BRDA:4,1,0,22
BRDA:4,2,0,22
BRDA:4,3,0,22
BRDA:4,4,0,22
BRDA:4,5,0,22
BRDA:6,6,0,22
BRDA:6,6,1,0
BRDA:12,7,0,5
BRDA:12,7,1,17
BRDA:13,8,0,22
BRDA:13,8,1,0
BRDA:44,9,0,1
BRDA:44,9,1,21
BRDA:61,10,0,11
BRDA:61,10,1,11
BRDA:65,11,0,10
BRDA:65,11,1,1
BRDA:77,12,0,1
BRDA:77,12,1,21
BRDA:89,13,0,22
BRDA:89,13,1,2
BRDA:103,14,0,2
BRDA:103,14,1,0
BRDA:103,15,0,0
BRDA:103,15,1,0
BRDA:104,16,0,2
BRDA:104,16,1,0
BRDA:106,17,0,0
BRDA:106,17,1,0
BRF:30
BRH:22
end_of_record
TN:
SF:src\components\ChallengeTrackerCard.jsx
FN:6,ChallengeTrackerCard
FN:14,(anonymous_1)
FN:25,(anonymous_2)
FN:28,(anonymous_3)
FN:29,(anonymous_4)
FN:30,(anonymous_5)
FN:50,(anonymous_6)
FN:60,(anonymous_7)
FN:61,(anonymous_8)
FN:72,(anonymous_9)
FN:84,(anonymous_10)
FN:87,(anonymous_11)
FN:101,(anonymous_12)
FN:111,(anonymous_13)
FN:117,(anonymous_14)
FN:127,(anonymous_15)
FN:128,(anonymous_16)
FN:129,(anonymous_17)
FN:182,(anonymous_18)
FN:186,(anonymous_19)
FN:187,(anonymous_20)
FN:201,(anonymous_21)
FN:205,(anonymous_22)
FN:206,(anonymous_23)
FN:220,(anonymous_24)
FN:225,(anonymous_25)
FN:226,(anonymous_26)
FN:240,ChallengeItem
FNF:28
FNH:13
FNDA:18,ChallengeTrackerCard
FNDA:9,(anonymous_1)
FNDA:14,(anonymous_2)
FNDA:9,(anonymous_3)
FNDA:9,(anonymous_4)
FNDA:81,(anonymous_5)
FNDA:0,(anonymous_6)
FNDA:0,(anonymous_7)
FNDA:0,(anonymous_8)
FNDA:0,(anonymous_9)
FNDA:0,(anonymous_10)
FNDA:0,(anonymous_11)
FNDA:0,(anonymous_12)
FNDA:0,(anonymous_13)
FNDA:0,(anonymous_14)
FNDA:162,(anonymous_15)
FNDA:162,(anonymous_16)
FNDA:162,(anonymous_17)
FNDA:54,(anonymous_18)
FNDA:0,(anonymous_19)
FNDA:0,(anonymous_20)
FNDA:54,(anonymous_21)
FNDA:0,(anonymous_22)
FNDA:0,(anonymous_23)
FNDA:54,(anonymous_24)
FNDA:0,(anonymous_25)
FNDA:0,(anonymous_26)
FNDA:162,ChallengeItem
DA:14,18
DA:15,9
DA:16,9
DA:17,9
DA:19,0
DA:24,18
DA:25,18
DA:28,18
DA:29,9
DA:30,9
DA:31,81
DA:32,9
DA:34,9
DA:36,72
DA:37,9
DA:38,9
DA:40,63
DA:44,9
DA:45,9
DA:50,18
DA:51,0
DA:52,0
DA:53,0
DA:55,0
DA:60,18
DA:61,0
DA:62,0
DA:63,0
DA:64,0
DA:66,0
DA:68,0
DA:72,18
DA:74,0
DA:75,0
DA:76,0
DA:84,0
DA:87,0
DA:88,0
DA:89,0
DA:91,0
DA:94,0
DA:96,0
DA:97,0
DA:101,0
DA:102,0
DA:103,0
DA:105,0
DA:107,0
DA:111,18
DA:112,0
DA:113,0
DA:114,0
DA:115,0
DA:117,0
DA:122,0
DA:127,162
DA:128,162
DA:129,162
DA:131,18
DA:183,54
DA:186,0
DA:187,0
DA:202,54
DA:205,0
DA:206,0
DA:221,54
DA:225,0
DA:226,0
DA:241,162
DA:242,162
DA:244,162
LF:71
LH:32
BRDA:9,0,0,18
BRDA:10,1,0,18
BRDA:17,2,0,0
BRDA:17,2,1,9
BRDA:24,3,0,18
BRDA:24,3,1,18
BRDA:24,4,0,18
BRDA:24,4,1,18
BRDA:24,5,0,18
BRDA:24,5,1,18
BRDA:25,6,0,18
BRDA:25,6,1,0
BRDA:31,7,0,9
BRDA:31,7,1,72
BRDA:36,8,0,9
BRDA:36,8,1,63
BRDA:60,9,0,0
BRDA:62,10,0,0
BRDA:62,10,1,0
BRDA:62,11,0,0
BRDA:62,11,1,0
BRDA:75,12,0,0
BRDA:75,12,1,0
BRDA:89,13,0,0
BRDA:89,13,1,0
BRDA:94,14,0,0
BRDA:94,14,1,0
BRDA:102,15,0,0
BRDA:102,15,1,0
BRDA:112,16,0,0
BRDA:112,16,1,0
BRDA:119,17,0,0
BRDA:119,17,1,0
BRDA:119,18,0,0
BRDA:119,18,1,0
BRDA:151,19,0,0
BRDA:151,19,1,18
BRDA:153,20,0,18
BRDA:153,20,1,18
BRDA:153,21,0,0
BRDA:153,21,1,18
BRDA:157,22,0,18
BRDA:157,22,1,18
BRDA:225,23,0,0
BRDA:225,23,1,36
BRDA:227,24,0,54
BRDA:227,24,1,36
BRDA:240,25,0,162
BRDA:245,26,0,0
BRDA:245,26,1,162
BRDA:245,27,0,0
BRDA:245,27,1,162
BRDA:245,28,0,162
BRDA:245,28,1,0
BRDA:258,29,0,0
BRDA:258,29,1,162
BRDA:260,30,0,0
BRDA:260,30,1,162
BRDA:272,31,0,0
BRDA:272,31,1,162
BRDA:276,32,0,0
BRDA:276,32,1,162
BRDA:286,33,0,126
BRDA:286,33,1,36
BRDA:294,34,0,36
BRDA:294,34,1,0
BRF:66
BRH:34
end_of_record
TN:
SF:src\components\ChartCard.jsx
FN:4,ChartCard
FN:7,(anonymous_1)
FN:12,(anonymous_2)
FN:24,(anonymous_3)
FN:44,(anonymous_4)
FN:46,(anonymous_5)
FN:92,(anonymous_6)
FN:109,(anonymous_7)
FN:110,(anonymous_8)
FN:111,(anonymous_9)
FN:112,(anonymous_10)
FN:113,(anonymous_11)
FN:140,(anonymous_12)
FN:147,(anonymous_13)
FN:148,(anonymous_14)
FN:149,(anonymous_15)
FN:150,(anonymous_16)
FN:151,(anonymous_17)
FNF:18
FNH:9
FNDA:19,ChartCard
FNDA:18,(anonymous_1)
FNDA:18,(anonymous_2)
FNDA:72,(anonymous_3)
FNDA:19,(anonymous_4)
FNDA:1,(anonymous_5)
FNDA:72,(anonymous_6)
FNDA:0,(anonymous_7)
FNDA:0,(anonymous_8)
FNDA:0,(anonymous_9)
FNDA:0,(anonymous_10)
FNDA:0,(anonymous_11)
FNDA:72,(anonymous_12)
FNDA:0,(anonymous_13)
FNDA:0,(anonymous_14)
FNDA:1,(anonymous_15)
FNDA:0,(anonymous_16)
FNDA:0,(anonymous_17)
DA:5,19
DA:7,19
DA:8,18
DA:12,19
DA:13,18
DA:20,18
DA:21,18
DA:22,18
DA:24,18
DA:25,72
DA:26,72
DA:27,72
DA:30,72
DA:32,72
DA:44,19
DA:45,19
DA:46,1
DA:49,19
DA:50,19
DA:51,19
DA:53,19
DA:93,72
DA:109,0
DA:110,0
DA:111,0
DA:112,0
DA:114,0
DA:115,0
DA:116,0
DA:141,72
DA:147,0
DA:148,0
DA:149,1
DA:150,0
DA:152,0
DA:153,0
DA:154,0
LF:37
LH:24
BRDA:4,0,0,19
BRDA:25,1,0,68
BRDA:25,1,1,4
BRDA:45,2,0,18
BRDA:45,2,1,1
BRDA:49,3,0,1
BRDA:49,3,1,18
BRDA:50,4,0,1
BRDA:50,4,1,18
BRDA:51,5,0,1
BRDA:51,5,1,18
BRDA:65,6,0,1
BRDA:65,6,1,18
BRDA:100,7,0,1
BRDA:100,7,1,71
BRDA:101,8,0,1
BRDA:101,8,1,71
BRDA:114,9,0,0
BRDA:114,9,1,0
BRDA:114,10,0,0
BRDA:114,10,1,0
BRDA:132,11,0,1
BRDA:132,11,1,17
BRDA:152,12,0,0
BRDA:152,12,1,0
BRDA:152,13,0,0
BRDA:152,13,1,0
BRDA:161,14,0,1
BRDA:161,14,1,71
BRDA:167,15,0,1
BRDA:167,15,1,71
BRF:31
BRH:23
end_of_record
TN:
SF:src\components\EcoPulseAI.jsx
FN:6,EcoPulseAI
FN:14,(anonymous_1)
FN:44,(anonymous_2)
FN:57,(anonymous_3)
FN:66,(anonymous_4)
FN:84,(anonymous_5)
FN:92,(anonymous_6)
FN:95,(anonymous_7)
FN:118,(anonymous_8)
FN:140,(anonymous_9)
FN:177,(anonymous_10)
FN:194,(anonymous_11)
FN:234,(anonymous_12)
FN:235,(anonymous_13)
FN:263,(anonymous_14)
FN:274,(anonymous_15)
FN:292,(anonymous_16)
FN:413,(anonymous_17)
FN:421,(anonymous_18)
FN:429,(anonymous_19)
FN:437,(anonymous_20)
FN:452,(anonymous_21)
FN:505,(anonymous_22)
FN:515,(anonymous_23)
FNF:24
FNH:0
FNDA:0,EcoPulseAI
FNDA:0,(anonymous_1)
FNDA:0,(anonymous_2)
FNDA:0,(anonymous_3)
FNDA:0,(anonymous_4)
FNDA:0,(anonymous_5)
FNDA:0,(anonymous_6)
FNDA:0,(anonymous_7)
FNDA:0,(anonymous_8)
FNDA:0,(anonymous_9)
FNDA:0,(anonymous_10)
FNDA:0,(anonymous_11)
FNDA:0,(anonymous_12)
FNDA:0,(anonymous_13)
FNDA:0,(anonymous_14)
FNDA:0,(anonymous_15)
FNDA:0,(anonymous_16)
FNDA:0,(anonymous_17)
FNDA:0,(anonymous_18)
FNDA:0,(anonymous_19)
FNDA:0,(anonymous_20)
FNDA:0,(anonymous_21)
FNDA:0,(anonymous_22)
FNDA:0,(anonymous_23)
DA:4,0
DA:14,0
DA:15,0
DA:16,0
DA:17,0
DA:19,0
DA:23,0
DA:35,0
DA:36,0
DA:37,0
DA:39,0
DA:40,0
DA:41,0
DA:44,0
DA:45,0
DA:46,0
DA:48,0
DA:49,0
DA:52,0
DA:53,0
DA:57,0
DA:58,0
DA:59,0
DA:61,0
DA:66,0
DA:67,0
DA:68,0
DA:78,0
DA:79,0
DA:84,0
DA:85,0
DA:87,0
DA:88,0
DA:89,0
DA:92,0
DA:93,0
DA:94,0
DA:95,0
DA:96,0
DA:97,0
DA:113,0
DA:118,0
DA:119,0
DA:120,0
DA:121,0
DA:122,0
DA:125,0
DA:126,0
DA:127,0
DA:129,0
DA:130,0
DA:133,0
DA:134,0
DA:137,0
DA:140,0
DA:141,0
DA:142,0
DA:144,0
DA:147,0
DA:148,0
DA:153,0
DA:156,0
DA:157,0
DA:160,0
DA:165,0
DA:166,0
DA:173,0
DA:177,0
DA:178,0
DA:179,0
DA:181,0
DA:182,0
DA:183,0
DA:187,0
DA:194,0
DA:195,0
DA:196,0
DA:197,0
DA:200,0
DA:231,0
DA:233,0
DA:234,0
DA:235,0
DA:241,0
DA:246,0
DA:262,0
DA:263,0
DA:264,0
DA:267,0
DA:268,0
DA:270,0
DA:271,0
DA:274,0
DA:284,0
DA:285,0
DA:287,0
DA:292,0
DA:293,0
DA:294,0
DA:295,0
DA:296,0
DA:298,0
DA:301,0
DA:413,0
DA:421,0
DA:429,0
DA:437,0
DA:453,0
DA:506,0
DA:507,0
DA:515,0
LF:111
LH:0
BRDA:4,0,0,0
BRDA:4,0,1,0
BRDA:17,1,0,0
BRDA:17,1,1,0
BRDA:27,2,0,0
BRDA:27,2,1,0
BRDA:46,3,0,0
BRDA:46,3,1,0
BRDA:48,4,0,0
BRDA:48,4,1,0
BRDA:48,5,0,0
BRDA:48,5,1,0
BRDA:67,6,0,0
BRDA:67,6,1,0
BRDA:72,7,0,0
BRDA:72,7,1,0
BRDA:85,8,0,0
BRDA:85,8,1,0
BRDA:96,9,0,0
BRDA:96,9,1,0
BRDA:119,10,0,0
BRDA:119,10,1,0
BRDA:126,11,0,0
BRDA:126,11,1,0
BRDA:133,12,0,0
BRDA:133,12,1,0
BRDA:137,13,0,0
BRDA:137,13,1,0
BRDA:142,14,0,0
BRDA:142,14,1,0
BRDA:142,15,0,0
BRDA:142,15,1,0
BRDA:147,16,0,0
BRDA:147,16,1,0
BRDA:156,17,0,0
BRDA:156,17,1,0
BRDA:165,18,0,0
BRDA:165,18,1,0
BRDA:178,19,0,0
BRDA:178,19,1,0
BRDA:179,20,0,0
BRDA:179,20,1,0
BRDA:181,21,0,0
BRDA:181,21,1,0
BRDA:202,22,0,0
BRDA:202,22,1,0
BRDA:203,23,0,0
BRDA:203,23,1,0
BRDA:205,24,0,0
BRDA:205,24,1,0
BRDA:206,25,0,0
BRDA:206,25,1,0
BRDA:207,26,0,0
BRDA:207,26,1,0
BRDA:208,27,0,0
BRDA:208,27,1,0
BRDA:210,28,0,0
BRDA:210,28,1,0
BRDA:211,29,0,0
BRDA:211,29,1,0
BRDA:212,30,0,0
BRDA:212,30,1,0
BRDA:213,31,0,0
BRDA:213,31,1,0
BRDA:214,32,0,0
BRDA:214,32,1,0
BRDA:215,33,0,0
BRDA:215,33,1,0
BRDA:216,34,0,0
BRDA:216,34,1,0
BRDA:217,35,0,0
BRDA:217,35,1,0
BRDA:218,36,0,0
BRDA:218,36,1,0
BRDA:220,37,0,0
BRDA:220,37,1,0
BRDA:221,38,0,0
BRDA:221,38,1,0
BRDA:222,39,0,0
BRDA:222,39,1,0
BRDA:236,40,0,0
BRDA:236,40,1,0
BRDA:262,41,0,0
BRDA:262,41,1,0
BRDA:264,42,0,0
BRDA:264,42,1,0
BRDA:270,43,0,0
BRDA:270,43,1,0
BRDA:285,44,0,0
BRDA:285,44,1,0
BRDA:293,45,0,0
BRDA:293,45,1,0
BRDA:294,46,0,0
BRDA:294,46,1,0
BRDA:322,47,0,0
BRDA:322,47,1,0
BRDA:325,48,0,0
BRDA:325,48,1,0
BRDA:330,49,0,0
BRDA:330,49,1,0
BRDA:352,50,0,0
BRDA:352,50,1,0
BRDA:380,51,0,0
BRDA:380,51,1,0
BRDA:384,52,0,0
BRDA:384,52,1,0
BRDA:388,53,0,0
BRDA:388,53,1,0
BRDA:393,54,0,0
BRDA:393,54,1,0
BRDA:398,55,0,0
BRDA:398,55,1,0
BRDA:398,56,0,0
BRDA:398,56,1,0
BRDA:457,57,0,0
BRDA:457,57,1,0
BRDA:462,58,0,0
BRDA:462,58,1,0
BRDA:471,59,0,0
BRDA:471,59,1,0
BRDA:481,60,0,0
BRDA:481,60,1,0
BRDA:516,61,0,0
BRDA:516,61,1,0
BRDA:517,62,0,0
BRDA:517,62,1,0
BRDA:522,63,0,0
BRDA:522,63,1,0
BRDA:522,63,2,0
BRF:129
BRH:0
end_of_record
TN:
SF:src\components\EcoSphere.jsx
FN:11,EcoSphere
FN:15,(anonymous_1)
FN:29,(anonymous_2)
FNF:3
FNH:0
FNDA:0,EcoSphere
FNDA:0,(anonymous_1)
FNDA:0,(anonymous_2)
DA:15,0
DA:16,0
DA:17,0
DA:19,0
DA:20,0
DA:22,0
DA:23,0
DA:24,0
DA:29,0
DA:33,0
DA:34,0
DA:44,0
DA:45,0
DA:55,0
DA:56,0
DA:67,0
DA:80,0
LF:17
LH:0
BRDA:11,0,0,0
BRDA:11,1,0,0
BRDA:19,2,0,0
BRDA:19,2,1,0
BRDA:20,3,0,0
BRDA:20,3,1,0
BRDA:33,4,0,0
BRDA:33,4,1,0
BRDA:44,5,0,0
BRDA:44,5,1,0
BRDA:55,6,0,0
BRDA:55,6,1,0
BRDA:164,7,0,0
BRDA:164,7,1,0
BRDA:166,8,0,0
BRDA:166,8,1,0
BRF:16
BRH:0
end_of_record
TN:
SF:src\components\HabitTrackerCard.jsx
FN:42,HabitTrackerCard
FN:50,(anonymous_1)
FN:63,(anonymous_2)
FN:72,(anonymous_3)
FN:75,(anonymous_4)
FN:95,(anonymous_5)
FN:110,(anonymous_6)
FNF:7
FNH:4
FNDA:17,HabitTrackerCard
FNDA:2,(anonymous_1)
FNDA:0,(anonymous_2)
FNDA:0,(anonymous_3)
FNDA:0,(anonymous_4)
FNDA:85,(anonymous_5)
FNDA:2,(anonymous_6)
DA:4,2
DA:50,17
DA:52,2
DA:53,2
DA:54,1
DA:63,2
DA:64,0
DA:65,0
DA:72,2
DA:75,2
DA:78,17
DA:97,85
DA:99,85
DA:110,2
LF:14
LH:12
BRDA:44,0,0,17
BRDA:46,1,0,17
BRDA:53,2,0,1
BRDA:53,2,1,1
BRDA:53,3,0,2
BRDA:53,3,1,2
BRDA:64,4,0,0
BRDA:64,4,1,0
BRDA:67,5,0,0
BRDA:67,5,1,0
BRDA:72,6,0,0
BRDA:72,6,1,0
BRDA:75,7,0,0
BRDA:75,7,1,0
BRDA:97,8,0,85
BRDA:97,8,1,77
BRDA:102,9,0,8
BRDA:102,9,1,77
BRF:18
BRH:10
end_of_record
TN:
SF:src\components\OffsetSimulatorCard.jsx
FN:4,OffsetSimulatorCard
FN:6,(anonymous_1)
FN:9,(anonymous_2)
FNF:3
FNH:2
FNDA:16,OffsetSimulatorCard
FNDA:1,(anonymous_1)
FNDA:0,(anonymous_2)
DA:6,16
DA:7,1
DA:8,1
DA:9,1
DA:15,16
DA:20,16
DA:21,16
DA:23,16
LF:8
LH:8
BRDA:4,0,0,16
BRDA:8,1,0,1
BRDA:8,1,1,0
BRDA:127,2,0,16
BRDA:127,2,1,6
BRF:5
BRH:4
end_of_record
TN:
SF:src\components\OnboardingWizard.jsx
FN:11,OnboardingWizard
FN:30,(anonymous_1)
FN:36,(anonymous_2)
FN:56,(anonymous_3)
FN:59,(anonymous_4)
FN:60,(anonymous_5)
FN:63,(anonymous_6)
FN:64,(anonymous_7)
FN:67,(anonymous_8)
FN:84,(anonymous_9)
FN:87,(anonymous_10)
FN:100,(anonymous_11)
FN:102,(anonymous_12)
FN:179,(anonymous_13)
FN:186,(anonymous_14)
FN:289,(anonymous_15)
FN:296,(anonymous_16)
FN:323,(anonymous_17)
FN:330,(anonymous_18)
FN:345,(anonymous_19)
FN:352,(anonymous_20)
FN:367,(anonymous_21)
FNF:22
FNH:12
FNDA:37,OnboardingWizard
FNDA:1,(anonymous_1)
FNDA:0,(anonymous_2)
FNDA:1,(anonymous_3)
FNDA:0,(anonymous_4)
FNDA:0,(anonymous_5)
FNDA:0,(anonymous_6)
FNDA:0,(anonymous_7)
FNDA:22,(anonymous_8)
FNDA:22,(anonymous_9)
FNDA:18,(anonymous_10)
FNDA:1,(anonymous_11)
FNDA:1,(anonymous_12)
FNDA:90,(anonymous_13)
FNDA:0,(anonymous_14)
FNDA:25,(anonymous_15)
FNDA:0,(anonymous_16)
FNDA:24,(anonymous_17)
FNDA:0,(anonymous_18)
FNDA:18,(anonymous_19)
FNDA:0,(anonymous_20)
FNDA:0,(anonymous_21)
DA:4,2
DA:12,37
DA:13,37
DA:25,37
DA:27,37
DA:28,37
DA:30,37
DA:31,1
DA:32,1
DA:35,1
DA:36,0
DA:37,0
DA:38,0
DA:39,0
DA:43,1
DA:44,1
DA:47,0
DA:50,0
DA:51,0
DA:52,0
DA:53,0
DA:56,1
DA:59,37
DA:60,0
DA:63,37
DA:64,0
DA:67,37
DA:68,22
DA:69,22
DA:70,9
DA:72,22
DA:73,5
DA:75,22
DA:76,5
DA:77,5
DA:80,22
DA:81,22
DA:84,37
DA:85,22
DA:86,21
DA:87,18
DA:90,3
DA:100,37
DA:101,1
DA:102,1
DA:106,37
DA:180,90
DA:186,0
DA:290,25
DA:296,0
DA:324,24
DA:330,0
DA:346,18
DA:352,0
DA:367,0
LF:55
LH:39
BRDA:35,0,0,0
BRDA:35,0,1,1
BRDA:43,1,0,1
BRDA:43,1,1,0
BRDA:50,2,0,0
BRDA:50,2,1,0
BRDA:50,3,0,0
BRDA:50,3,1,0
BRDA:51,4,0,0
BRDA:51,4,1,0
BRDA:51,5,0,0
BRDA:51,5,1,0
BRDA:52,6,0,0
BRDA:52,6,1,0
BRDA:52,7,0,0
BRDA:52,7,1,0
BRDA:53,8,0,0
BRDA:53,8,1,0
BRDA:53,9,0,0
BRDA:53,9,1,0
BRDA:69,10,0,9
BRDA:69,10,1,13
BRDA:70,11,0,1
BRDA:70,11,1,8
BRDA:72,12,0,5
BRDA:72,12,1,17
BRDA:73,13,0,0
BRDA:73,13,1,5
BRDA:75,14,0,5
BRDA:75,14,1,17
BRDA:76,15,0,0
BRDA:76,15,1,5
BRDA:77,16,0,0
BRDA:77,16,1,5
BRDA:85,17,0,1
BRDA:85,17,1,21
BRDA:86,18,0,18
BRDA:86,18,1,3
BRDA:92,19,0,3
BRDA:92,19,1,0
BRDA:93,20,0,3
BRDA:93,20,1,0
BRDA:94,21,0,3
BRDA:94,21,1,0
BRDA:95,22,0,3
BRDA:95,22,1,3
BRDA:101,23,0,1
BRDA:101,23,1,0
BRDA:140,24,0,37
BRDA:140,24,1,18
BRDA:158,25,0,1
BRDA:158,25,1,17
BRDA:163,26,0,1
BRDA:163,26,1,17
BRDA:165,27,0,18
BRDA:165,27,1,1
BRDA:185,28,0,18
BRDA:185,28,1,72
BRDA:196,29,0,37
BRDA:196,29,1,8
BRDA:214,30,0,0
BRDA:214,30,1,8
BRDA:219,31,0,0
BRDA:219,31,1,8
BRDA:221,32,0,8
BRDA:221,32,1,0
BRDA:231,33,0,37
BRDA:231,33,1,5
BRDA:249,34,0,0
BRDA:249,34,1,5
BRDA:255,35,0,5
BRDA:255,35,1,0
BRDA:295,36,0,5
BRDA:295,36,1,20
BRDA:306,37,0,37
BRDA:306,37,1,6
BRDA:329,38,0,6
BRDA:329,38,1,18
BRDA:351,39,0,6
BRDA:351,39,1,12
BRDA:381,40,0,18
BRDA:381,40,1,19
BRDA:393,41,0,6
BRDA:393,41,1,31
BRF:84
BRH:54
end_of_record
TN:
SF:src\components\RecommendationsCard.jsx
FN:3,RecommendationsCard
FN:32,(anonymous_1)
FNF:2
FNH:2
FNDA:17,RecommendationsCard
FNDA:32,(anonymous_1)
DA:4,17
DA:33,32
LF:2
LH:2
BRDA:3,0,0,17
BRDA:16,1,0,4
BRDA:16,1,1,13
BRDA:38,2,0,32
BRDA:38,2,1,32
BRDA:52,3,0,17
BRDA:52,3,1,13
BRF:7
BRH:7
end_of_record
TN:
SF:src\utils\carbonCalculations.js
FN:58,calculateFootprint
FN:108,calculateOffsets
FN:127,getRecommendations
FN:253,getUnlockedBadges
FNF:4
FNH:4
FNDA:42,calculateFootprint
FNDA:42,calculateOffsets
FNDA:17,getRecommendations
FNDA:33,getUnlockedBadges
DA:7,6
DA:60,42
DA:61,42
DA:62,42
DA:63,42
DA:66,42
DA:67,42
DA:68,42
DA:69,42
DA:72,42
DA:73,42
DA:74,42
DA:75,42
DA:78,42
DA:81,42
DA:82,42
DA:83,33
DA:85,42
DA:88,42
DA:90,42
DA:109,42
DA:110,42
DA:111,42
DA:113,42
DA:114,42
DA:115,42
DA:117,42
DA:128,17
DA:131,17
DA:132,7
DA:133,7
DA:142,7
DA:143,7
DA:154,17
DA:155,7
DA:166,17
DA:167,16
DA:177,17
DA:178,16
DA:189,17
DA:190,7
DA:198,10
DA:199,9
DA:210,17
DA:211,7
DA:220,17
DA:221,7
DA:232,17
DA:233,1
DA:243,17
DA:254,33
DA:256,33
DA:315,33
LF:53
LH:53
BRDA:60,0,0,42
BRDA:60,0,1,2
BRDA:61,1,0,42
BRDA:61,1,1,6
BRDA:62,2,0,42
BRDA:62,2,1,1
BRDA:63,3,0,42
BRDA:63,3,1,36
BRDA:66,4,0,42
BRDA:66,4,1,4
BRDA:74,5,0,42
BRDA:74,5,1,7
BRDA:78,6,0,42
BRDA:78,6,1,0
BRDA:81,7,0,42
BRDA:81,7,1,0
BRDA:82,8,0,33
BRDA:82,8,1,9
BRDA:109,9,0,42
BRDA:109,9,1,32
BRDA:110,10,0,42
BRDA:110,10,1,32
BRDA:111,11,0,42
BRDA:111,11,1,32
BRDA:131,12,0,7
BRDA:131,12,1,10
BRDA:132,13,0,7
BRDA:132,13,1,0
BRDA:142,14,0,7
BRDA:142,14,1,0
BRDA:149,15,0,7
BRDA:149,15,1,0
BRDA:154,16,0,7
BRDA:154,16,1,10
BRDA:166,17,0,16
BRDA:166,17,1,1
BRDA:166,18,0,17
BRDA:166,18,1,16
BRDA:177,19,0,16
BRDA:177,19,1,1
BRDA:177,20,0,17
BRDA:177,20,1,17
BRDA:184,21,0,0
BRDA:184,21,1,16
BRDA:189,22,0,7
BRDA:189,22,1,10
BRDA:198,23,0,9
BRDA:198,23,1,1
BRDA:210,24,0,7
BRDA:210,24,1,10
BRDA:220,25,0,7
BRDA:220,25,1,10
BRDA:232,26,0,1
BRDA:232,26,1,16
BRDA:253,27,0,33
BRDA:253,28,0,33
BRDA:254,29,0,33
BRDA:254,30,0,33
BRDA:254,31,0,33
BRDA:254,31,1,1
BRDA:283,32,0,33
BRDA:283,32,1,25
BRDA:290,33,0,33
BRDA:290,33,1,32
BRDA:297,34,0,33
BRDA:297,34,1,32
BRF:66
BRH:60
end_of_record
TN:
SF:src\utils\challengeEngine.js
FN:109,updateStreakOnClaim
FNF:1
FNH:1
FNDA:4,updateStreakOnClaim
DA:5,2
DA:110,4
DA:111,4
DA:112,4
DA:113,4
DA:115,4
DA:116,4
DA:118,4
DA:120,3
DA:122,1
DA:125,2
DA:128,4
LF:12
LH:12
BRDA:109,0,0,4
BRDA:115,1,0,4
BRDA:115,1,1,1
BRDA:116,2,0,4
BRDA:116,2,1,1
BRDA:118,3,0,1
BRDA:118,3,1,3
BRDA:120,4,0,1
BRDA:120,4,1,2
BRF:9
BRH:9
end_of_record
TN:
SF:src\utils\forecastEngine.js
FN:6,generateForecast
FN:26,(anonymous_1)
FN:30,(anonymous_2)
FN:34,(anonymous_3)
FNF:4
FNH:4
FNDA:21,generateForecast
FNDA:49,(anonymous_1)
FNDA:7,(anonymous_2)
FNDA:126,(anonymous_3)
DA:8,21
DA:9,21
DA:10,21
DA:11,126
DA:12,126
DA:16,21
DA:17,21
DA:19,2
DA:20,2
DA:21,2
DA:26,49
DA:27,21
DA:30,21
DA:31,21
DA:33,21
DA:34,21
DA:35,126
DA:38,126
DA:39,126
DA:43,126
DA:44,126
DA:45,126
DA:47,126
DA:48,126
DA:51,126
DA:52,126
DA:54,126
DA:63,21
DA:64,21
DA:65,21
DA:66,1
DA:67,1
DA:68,20
DA:69,0
DA:70,0
DA:71,20
DA:72,19
DA:73,19
DA:77,21
DA:80,21
DA:81,21
DA:83,21
DA:84,1
DA:87,20
DA:88,20
DA:89,20
DA:91,20
DA:92,20
DA:95,21
LF:49
LH:47
BRDA:6,0,0,21
BRDA:6,1,0,21
BRDA:6,2,0,21
BRDA:6,3,0,21
BRDA:6,4,0,21
BRDA:17,5,0,2
BRDA:17,5,1,19
BRDA:17,6,0,21
BRDA:17,6,1,21
BRDA:19,7,0,2
BRDA:19,7,1,0
BRDA:20,8,0,2
BRDA:20,8,1,0
BRDA:26,9,0,49
BRDA:26,9,1,0
BRDA:45,10,0,126
BRDA:45,10,1,126
BRDA:45,11,0,126
BRDA:45,11,1,126
BRDA:65,12,0,1
BRDA:65,12,1,20
BRDA:68,13,0,0
BRDA:68,13,1,20
BRDA:71,14,0,19
BRDA:71,14,1,1
BRDA:71,15,0,20
BRDA:71,15,1,20
BRDA:83,16,0,1
BRDA:83,16,1,20
BRDA:89,17,0,1
BRDA:89,17,1,19
BRDA:89,18,0,0
BRDA:89,18,1,19
BRF:33
BRH:28
end_of_record
TN:
SF:src\utils\personalityEngine.js
FN:124,calculatePersonality
FN:183,(anonymous_1)
FNF:2
FNH:2
FNDA:25,calculatePersonality
FNDA:115,(anonymous_1)
DA:6,2
DA:125,25
DA:127,23
DA:128,25
DA:129,25
DA:130,25
DA:131,25
DA:133,25
DA:142,25
DA:143,25
DA:144,23
DA:145,23
DA:146,23
DA:149,23
DA:150,23
DA:151,23
DA:152,23
DA:153,23
DA:154,25
DA:155,23
DA:158,23
DA:159,23
DA:160,23
DA:161,23
DA:164,23
DA:165,23
DA:166,23
DA:167,23
DA:168,23
DA:169,23
DA:172,23
DA:173,23
DA:174,23
DA:175,23
DA:176,23
DA:179,23
DA:180,23
DA:182,23
DA:183,23
DA:184,115
DA:185,62
DA:186,62
DA:191,23
DA:193,23
LF:44
LH:44
BRDA:125,0,0,2
BRDA:125,0,1,23
BRDA:127,1,0,23
BRDA:127,1,1,0
BRDA:128,2,0,25
BRDA:128,2,1,2
BRDA:129,3,0,25
BRDA:129,3,1,1
BRDA:130,4,0,25
BRDA:130,4,1,0
BRDA:131,5,0,25
BRDA:131,5,1,0
BRDA:143,6,0,3
BRDA:143,6,1,22
BRDA:144,7,0,3
BRDA:144,7,1,20
BRDA:144,8,0,23
BRDA:144,8,1,21
BRDA:145,9,0,1
BRDA:145,9,1,22
BRDA:146,10,0,1
BRDA:146,10,1,22
BRDA:149,11,0,3
BRDA:149,11,1,20
BRDA:150,12,0,2
BRDA:150,12,1,21
BRDA:151,13,0,10
BRDA:151,13,1,13
BRDA:152,14,0,3
BRDA:152,14,1,20
BRDA:153,15,0,23
BRDA:153,15,1,22
BRDA:153,16,0,25
BRDA:153,16,1,23
BRDA:153,17,0,25
BRDA:153,17,1,23
BRDA:154,18,0,1
BRDA:154,18,1,24
BRDA:155,19,0,1
BRDA:155,19,1,22
BRDA:158,20,0,2
BRDA:158,20,1,21
BRDA:159,21,0,2
BRDA:159,21,1,21
BRDA:160,22,0,8
BRDA:160,22,1,15
BRDA:161,23,0,19
BRDA:161,23,1,4
BRDA:164,24,0,2
BRDA:164,24,1,21
BRDA:165,25,0,2
BRDA:165,25,1,21
BRDA:166,26,0,2
BRDA:166,26,1,21
BRDA:167,27,0,2
BRDA:167,27,1,21
BRDA:168,28,0,1
BRDA:168,28,1,22
BRDA:169,29,0,4
BRDA:169,29,1,19
BRDA:172,30,0,2
BRDA:172,30,1,21
BRDA:173,31,0,23
BRDA:173,31,1,0
BRDA:174,32,0,2
BRDA:174,32,1,21
BRDA:175,33,0,1
BRDA:175,33,1,22
BRDA:176,34,0,4
BRDA:176,34,1,19
BRDA:184,35,0,62
BRDA:184,35,1,53
BRF:72
BRH:68
end_of_record
TN:
SF:src\utils\scannerEngine.js
FN:17,parseDocumentLocally
FN:117,parseDocumentWithGemini
FNF:2
FNH:1
FNDA:5,parseDocumentLocally
FNDA:0,parseDocumentWithGemini
DA:8,2
DA:18,5
DA:20,5
DA:21,5
DA:22,5
DA:23,5
DA:24,5
DA:25,5
DA:28,5
DA:29,2
DA:30,2
DA:31,2
DA:32,3
DA:33,1
DA:34,1
DA:35,1
DA:39,5
DA:41,2
DA:42,2
DA:43,2
DA:45,1
DA:47,2
DA:48,2
DA:49,2
DA:52,0
DA:53,0
DA:57,2
DA:58,3
DA:60,1
DA:61,1
DA:62,1
DA:64,0
DA:66,1
DA:67,1
DA:68,1
DA:70,0
DA:71,0
DA:76,1
DA:80,2
DA:81,2
DA:82,2
DA:84,1
DA:86,2
DA:87,1
DA:88,1
DA:90,1
DA:91,1
DA:94,2
DA:97,5
DA:118,0
DA:119,0
DA:123,0
DA:125,0
DA:147,0
DA:175,0
DA:176,0
DA:179,0
DA:180,0
DA:182,0
DA:183,0
DA:187,0
DA:188,0
DA:190,0
DA:192,0
LF:64
LH:44
BRDA:8,0,0,2
BRDA:8,0,1,0
BRDA:17,1,0,5
BRDA:17,2,0,5
BRDA:28,3,0,2
BRDA:28,3,1,3
BRDA:28,4,0,5
BRDA:28,4,1,4
BRDA:28,4,2,4
BRDA:28,4,3,4
BRDA:32,5,0,1
BRDA:32,5,1,2
BRDA:32,6,0,3
BRDA:32,6,1,2
BRDA:32,6,2,2
BRDA:32,6,3,2
BRDA:32,6,4,2
BRDA:32,6,5,2
BRDA:32,6,6,2
BRDA:39,7,0,2
BRDA:39,7,1,3
BRDA:43,8,0,1
BRDA:43,8,1,1
BRDA:47,9,0,2
BRDA:47,9,1,0
BRDA:58,10,0,1
BRDA:58,10,1,2
BRDA:62,11,0,0
BRDA:62,11,1,1
BRDA:66,12,0,1
BRDA:66,12,1,0
BRDA:82,13,0,1
BRDA:82,13,1,1
BRDA:86,14,0,1
BRDA:86,14,1,1
BRDA:100,15,0,5
BRDA:100,15,1,0
BRDA:118,16,0,0
BRDA:118,16,1,0
BRDA:161,17,0,0
BRDA:161,17,1,0
BRDA:175,18,0,0
BRDA:175,18,1,0
BRDA:182,19,0,0
BRDA:182,19,1,0
BRF:45
BRH:32
end_of_record
