TN:
SF:src\App.jsx
FN:33,App
FN:34,(anonymous_1)
FN:43,(anonymous_2)
FN:52,(anonymous_3)
FN:61,(anonymous_4)
FN:70,(anonymous_5)
FN:80,(anonymous_6)
FN:84,(anonymous_7)
FN:94,(anonymous_8)
FN:103,(anonymous_9)
FN:111,(anonymous_10)
FN:119,(anonymous_11)
FN:130,(anonymous_12)
FN:139,(anonymous_13)
FN:151,(anonymous_14)
FN:160,(anonymous_15)
FN:169,(anonymous_16)
FN:178,(anonymous_17)
FN:192,(anonymous_18)
FN:201,(anonymous_19)
FN:212,(anonymous_20)
FN:220,(anonymous_21)
FN:229,(anonymous_22)
FN:236,(anonymous_23)
FN:243,(anonymous_24)
FN:247,(anonymous_25)
FN:252,(anonymous_26)
FN:257,(anonymous_27)
FN:262,(anonymous_28)
FN:276,(anonymous_29)
FN:365,(anonymous_30)
FN:457,(anonymous_31)
FN:466,(anonymous_32)
FNF:33
FNH:30
FNDA:27,App
FNDA:20,(anonymous_1)
FNDA:20,(anonymous_2)
FNDA:20,(anonymous_3)
FNDA:20,(anonymous_4)
FNDA:20,(anonymous_5)
FNDA:20,(anonymous_6)
FNDA:7,(anonymous_7)
FNDA:20,(anonymous_8)
FNDA:20,(anonymous_9)
FNDA:20,(anonymous_10)
FNDA:20,(anonymous_11)
FNDA:20,(anonymous_12)
FNDA:20,(anonymous_13)
FNDA:20,(anonymous_14)
FNDA:20,(anonymous_15)
FNDA:2,(anonymous_16)
FNDA:2,(anonymous_17)
FNDA:1,(anonymous_18)
FNDA:0,(anonymous_19)
FNDA:20,(anonymous_20)
FNDA:20,(anonymous_21)
FNDA:23,(anonymous_22)
FNDA:23,(anonymous_23)
FNDA:20,(anonymous_24)
FNDA:23,(anonymous_25)
FNDA:23,(anonymous_26)
FNDA:23,(anonymous_27)
FNDA:23,(anonymous_28)
FNDA:1,(anonymous_29)
FNDA:0,(anonymous_30)
FNDA:3,(anonymous_31)
FNDA:0,(anonymous_32)
DA:21,1
DA:29,1
DA:30,1
DA:31,1
DA:34,27
DA:35,20
DA:36,20
DA:37,20
DA:39,0
DA:43,27
DA:44,20
DA:45,20
DA:46,20
DA:48,0
DA:52,27
DA:53,20
DA:54,20
DA:55,20
DA:57,0
DA:61,27
DA:62,20
DA:63,20
DA:64,20
DA:66,0
DA:70,27
DA:71,20
DA:72,20
DA:73,20
DA:75,0
DA:79,27
DA:80,27
DA:81,20
DA:82,20
DA:83,20
DA:84,20
DA:85,7
DA:86,7
DA:89,0
DA:92,27
DA:94,27
DA:95,20
DA:96,20
DA:97,20
DA:99,0
DA:103,27
DA:104,20
DA:105,20
DA:107,0
DA:111,27
DA:112,20
DA:113,20
DA:115,0
DA:119,27
DA:120,20
DA:121,20
DA:122,20
DA:123,19
DA:125,0
DA:130,27
DA:131,20
DA:132,20
DA:134,0
DA:136,20
DA:139,27
DA:140,20
DA:141,20
DA:143,0
DA:145,20
DA:146,20
DA:147,1
DA:151,27
DA:152,20
DA:153,20
DA:155,0
DA:157,20
DA:160,27
DA:161,20
DA:162,20
DA:164,0
DA:169,27
DA:170,2
DA:171,2
DA:172,2
DA:173,2
DA:176,2
DA:177,2
DA:178,2
DA:179,2
DA:183,2
DA:184,2
DA:185,2
DA:188,0
DA:192,27
DA:193,1
DA:194,1
DA:195,1
DA:197,0
DA:201,27
DA:202,0
DA:203,0
DA:204,0
DA:205,0
DA:207,0
DA:212,27
DA:213,20
DA:214,20
DA:216,0
DA:220,27
DA:221,20
DA:222,20
DA:224,0
DA:229,27
DA:230,23
DA:231,10
DA:236,27
DA:237,23
DA:238,13
DA:240,10
DA:243,27
DA:244,20
DA:247,27
DA:248,23
DA:249,23
DA:252,27
DA:253,23
DA:254,10
DA:257,27
DA:258,23
DA:259,10
DA:262,27
DA:263,23
DA:264,10
DA:267,27
DA:276,1
DA:365,0
DA:457,3
DA:467,0
DA:468,0
DA:469,0
DA:471,0
LF:140
LH:112
BRDA:37,0,0,8
BRDA:37,0,1,12
BRDA:46,1,0,7
BRDA:46,1,1,13
BRDA:46,2,0,7
BRDA:46,2,1,0
BRDA:55,3,0,7
BRDA:55,3,1,13
BRDA:64,4,0,0
BRDA:64,4,1,20
BRDA:73,5,0,0
BRDA:73,5,1,20
BRDA:83,6,0,7
BRDA:83,6,1,13
BRDA:85,7,0,7
BRDA:85,7,1,0
BRDA:97,8,0,0
BRDA:97,8,1,20
BRDA:113,9,0,20
BRDA:113,9,1,19
BRDA:122,10,0,1
BRDA:122,10,1,19
BRDA:146,11,0,1
BRDA:146,11,1,19
BRDA:202,12,0,0
BRDA:202,12,1,0
BRDA:230,13,0,10
BRDA:230,13,1,13
BRDA:237,14,0,13
BRDA:237,14,1,10
BRDA:253,15,0,13
BRDA:253,15,1,10
BRDA:258,16,0,13
BRDA:258,16,1,10
BRDA:263,17,0,13
BRDA:263,17,1,10
BRDA:273,18,0,27
BRDA:273,18,1,11
BRDA:300,19,0,27
BRDA:300,19,1,11
BRDA:312,20,0,27
BRDA:312,20,1,11
BRDA:323,21,0,27
BRDA:323,21,1,11
BRDA:327,22,0,11
BRDA:327,22,1,16
BRDA:387,23,0,11
BRDA:387,23,1,0
BRDA:461,24,0,16
BRDA:461,24,1,1
BRDA:469,25,0,0
BRDA:469,25,1,0
BRDA:484,26,0,27
BRDA:484,26,1,3
BRF:54
BRH:44
end_of_record
TN:
SF:src\components\AccessibilitySettings.jsx
FN:4,AccessibilitySettings
FN:17,(anonymous_1)
FN:18,handleClickOutside
FN:24,(anonymous_3)
FN:28,(anonymous_4)
FN:29,handleKeyDown
FN:36,(anonymous_6)
FN:39,(anonymous_7)
FN:39,(anonymous_8)
FN:73,(anonymous_9)
FN:88,(anonymous_10)
FN:106,(anonymous_11)
FNF:12
FNH:12
FNDA:46,AccessibilitySettings
FNDA:29,(anonymous_1)
FNDA:23,handleClickOutside
FNDA:29,(anonymous_3)
FNDA:39,(anonymous_4)
FNDA:1,handleKeyDown
FNDA:39,(anonymous_6)
FNDA:9,(anonymous_7)
FNDA:9,(anonymous_8)
FNDA:1,(anonymous_9)
FNDA:1,(anonymous_10)
FNDA:1,(anonymous_11)
DA:12,46
DA:13,46
DA:14,46
DA:17,46
DA:19,23
DA:20,13
DA:23,29
DA:24,29
DA:28,46
DA:30,1
DA:31,1
DA:32,1
DA:35,39
DA:36,39
DA:39,46
DA:41,46
DA:73,1
DA:88,1
DA:106,1
LF:19
LH:19
BRDA:19,0,0,13
BRDA:19,0,1,10
BRDA:19,1,0,23
BRDA:19,1,1,23
BRDA:30,2,0,1
BRDA:30,2,1,0
BRDA:30,3,0,1
BRDA:30,3,1,1
BRDA:56,4,0,46
BRDA:56,4,1,8
BRF:10
BRH:9
end_of_record
TN:
SF:src\components\CarbonForecastCard.jsx
FN:4,CarbonForecastCard
FN:22,(anonymous_1)
FN:25,(anonymous_2)
FN:26,(anonymous_3)
FN:31,(anonymous_4)
FN:34,(anonymous_5)
FN:35,(anonymous_6)
FN:38,(anonymous_7)
FN:39,(anonymous_8)
FN:42,(anonymous_9)
FN:43,(anonymous_10)
FN:46,(anonymous_11)
FN:55,(anonymous_12)
FN:65,(anonymous_13)
FN:67,(anonymous_14)
FN:68,(anonymous_15)
FN:133,(anonymous_16)
FN:165,(anonymous_17)
FN:195,(anonymous_18)
FN:210,(anonymous_19)
FN:222,(anonymous_20)
FN:223,(anonymous_21)
FN:224,(anonymous_22)
FN:225,(anonymous_23)
FN:226,(anonymous_24)
FN:352,(anonymous_25)
FNF:26
FNH:21
FNDA:11,CarbonForecastCard
FNDA:464,(anonymous_1)
FNDA:10,(anonymous_2)
FNDA:66,(anonymous_3)
FNDA:477,(anonymous_4)
FNDA:10,(anonymous_5)
FNDA:60,(anonymous_6)
FNDA:10,(anonymous_7)
FNDA:60,(anonymous_8)
FNDA:10,(anonymous_9)
FNDA:60,(anonymous_10)
FNDA:10,(anonymous_11)
FNDA:10,(anonymous_12)
FNDA:10,(anonymous_13)
FNDA:30,(anonymous_14)
FNDA:30,(anonymous_15)
FNDA:55,(anonymous_16)
FNDA:66,(anonymous_17)
FNDA:66,(anonymous_18)
FNDA:66,(anonymous_19)
FNDA:0,(anonymous_20)
FNDA:0,(anonymous_21)
FNDA:0,(anonymous_22)
FNDA:0,(anonymous_23)
FNDA:0,(anonymous_24)
FNDA:22,(anonymous_25)
DA:8,11
DA:11,11
DA:12,11
DA:13,11
DA:14,11
DA:15,11
DA:16,11
DA:18,11
DA:19,11
DA:22,464
DA:25,11
DA:26,66
DA:27,11
DA:28,11
DA:29,11
DA:31,477
DA:34,11
DA:35,60
DA:38,11
DA:39,60
DA:42,11
DA:43,60
DA:46,11
DA:47,10
DA:48,10
DA:49,10
DA:50,10
DA:51,10
DA:55,11
DA:56,10
DA:57,10
DA:58,10
DA:59,50
DA:61,10
DA:65,11
DA:66,10
DA:67,30
DA:68,30
DA:72,11
DA:74,11
DA:78,11
DA:79,11
DA:80,11
DA:82,11
DA:134,55
DA:166,66
DA:196,66
DA:211,66
DA:222,0
DA:223,0
DA:224,0
DA:225,0
DA:227,0
DA:228,0
DA:229,0
DA:353,22
LF:56
LH:49
BRDA:6,0,0,11
BRDA:25,1,0,10
BRDA:25,1,1,0
BRDA:27,2,0,11
BRDA:27,2,1,0
BRDA:28,3,0,11
BRDA:28,3,1,0
BRDA:29,4,0,11
BRDA:29,4,1,0
BRDA:35,5,0,10
BRDA:35,5,1,50
BRDA:39,6,0,10
BRDA:39,6,1,50
BRDA:43,7,0,10
BRDA:43,7,1,50
BRDA:47,8,0,0
BRDA:47,8,1,10
BRDA:72,9,0,0
BRDA:72,9,1,11
BRDA:72,10,0,11
BRDA:72,10,1,11
BRDA:72,10,2,11
BRDA:74,11,0,0
BRDA:74,11,1,11
BRDA:175,12,0,11
BRDA:175,12,1,0
BRDA:201,13,0,0
BRDA:201,13,1,66
BRDA:203,14,0,0
BRDA:203,14,1,66
BRDA:227,15,0,0
BRDA:227,15,1,0
BRDA:227,16,0,0
BRDA:227,16,1,0
BRDA:237,17,0,11
BRDA:237,17,1,0
BRDA:237,17,2,0
BRDA:314,18,0,0
BRDA:314,18,1,11
BRDA:316,19,0,0
BRDA:316,19,1,11
BRDA:322,20,0,0
BRDA:322,20,1,11
BRDA:322,21,0,0
BRDA:322,21,1,11
BRDA:346,22,0,0
BRDA:346,22,1,11
BRF:47
BRH:26
end_of_record
TN:
SF:src\components\CarbonPersonalityCard.jsx
FN:13,CarbonPersonalityCard
FN:17,(anonymous_1)
FN:30,(anonymous_2)
FN:46,(anonymous_3)
FN:58,(anonymous_4)
FN:144,(anonymous_5)
FN:157,(anonymous_6)
FN:172,(anonymous_7)
FNF:8
FNH:7
FNDA:21,CarbonPersonalityCard
FNDA:16,(anonymous_1)
FNDA:1,(anonymous_2)
FNDA:0,(anonymous_3)
FNDA:60,(anonymous_4)
FNDA:40,(anonymous_5)
FNDA:42,(anonymous_6)
FNDA:51,(anonymous_7)
DA:5,2
DA:17,21
DA:18,16
DA:19,16
DA:20,16
DA:22,0
DA:26,21
DA:28,20
DA:30,21
DA:31,1
DA:34,1
DA:35,1
DA:36,1
DA:45,1
DA:46,1
DA:49,1
DA:50,1
DA:51,1
DA:53,0
DA:58,21
DA:59,60
DA:60,21
DA:61,6
DA:62,3
DA:65,21
DA:145,40
DA:158,42
DA:173,51
LF:28
LH:26
BRDA:26,0,0,1
BRDA:26,0,1,20
BRDA:28,1,0,20
BRDA:28,1,1,0
BRDA:31,2,0,0
BRDA:31,2,1,1
BRDA:35,3,0,1
BRDA:35,3,1,0
BRDA:45,4,0,1
BRDA:45,4,1,0
BRDA:59,5,0,39
BRDA:59,5,1,21
BRDA:60,6,0,15
BRDA:60,6,1,6
BRDA:61,7,0,3
BRDA:61,7,1,3
BRDA:187,8,0,2
BRDA:187,8,1,18
BRDA:191,9,0,2
BRDA:191,9,1,18
BRF:20
BRH:16
end_of_record
TN:
SF:src\components\CarbonScannerCard.jsx
FN:6,CarbonScannerCard
FN:22,(anonymous_1)
FN:33,(anonymous_2)
FN:39,(anonymous_3)
FN:56,(anonymous_4)
FN:73,(anonymous_5)
FN:100,(anonymous_6)
FN:119,(anonymous_7)
FN:132,(anonymous_8)
FN:137,(anonymous_9)
FN:141,(anonymous_10)
FN:148,(anonymous_11)
FN:153,(anonymous_12)
FN:161,(anonymous_13)
FN:219,(anonymous_14)
FN:399,(anonymous_15)
FNF:16
FNH:10
FNDA:35,CarbonScannerCard
FNDA:4,(anonymous_1)
FNDA:4,(anonymous_2)
FNDA:0,(anonymous_3)
FNDA:4,(anonymous_4)
FNDA:4,(anonymous_5)
FNDA:4,(anonymous_6)
FNDA:0,(anonymous_7)
FNDA:0,(anonymous_8)
FNDA:0,(anonymous_9)
FNDA:0,(anonymous_10)
FNDA:4,(anonymous_11)
FNDA:2,(anonymous_12)
FNDA:1,(anonymous_13)
FNDA:0,(anonymous_14)
FNDA:1,(anonymous_15)
DA:7,35
DA:8,35
DA:9,35
DA:10,35
DA:11,35
DA:12,35
DA:13,35
DA:14,35
DA:15,35
DA:16,35
DA:17,35
DA:19,35
DA:22,35
DA:23,4
DA:24,4
DA:25,4
DA:26,0
DA:27,0
DA:29,0
DA:33,35
DA:34,4
DA:35,4
DA:36,4
DA:39,35
DA:40,0
DA:41,0
DA:42,0
DA:43,0
DA:44,0
DA:45,0
DA:46,0
DA:47,0
DA:48,0
DA:49,0
DA:51,0
DA:52,0
DA:53,0
DA:56,35
DA:57,4
DA:60,4
DA:61,0
DA:62,0
DA:63,0
DA:66,4
DA:67,4
DA:68,4
DA:70,4
DA:73,4
DA:74,4
DA:75,4
DA:81,4
DA:83,4
DA:84,4
DA:85,4
DA:88,4
DA:90,0
DA:94,4
DA:95,4
DA:96,4
DA:100,4
DA:101,4
DA:105,4
DA:106,4
DA:107,4
DA:108,4
DA:109,4
DA:110,4
DA:111,4
DA:113,0
DA:114,0
DA:115,0
DA:119,4
DA:120,0
DA:121,0
DA:124,4
DA:125,0
DA:128,4
DA:132,35
DA:133,0
DA:134,0
DA:137,35
DA:138,0
DA:141,35
DA:142,0
DA:143,0
DA:144,0
DA:145,0
DA:148,35
DA:149,4
DA:150,4
DA:153,35
DA:154,2
DA:155,2
DA:156,2
DA:157,2
DA:158,2
DA:161,35
DA:162,1
DA:164,1
DA:167,1
DA:168,1
DA:169,1
DA:170,0
DA:175,0
DA:176,0
DA:177,0
DA:178,0
DA:182,0
DA:183,0
DA:184,0
DA:186,0
DA:187,0
DA:190,1
DA:191,1
DA:192,1
DA:195,35
DA:219,0
DA:399,1
LF:118
LH:74
BRDA:23,0,0,4
BRDA:23,0,1,1
BRDA:24,1,0,4
BRDA:24,1,1,0
BRDA:26,2,0,0
BRDA:26,2,1,0
BRDA:34,3,0,4
BRDA:34,3,1,1
BRDA:44,4,0,0
BRDA:44,4,1,0
BRDA:47,5,0,0
BRDA:47,5,1,0
BRDA:57,6,0,0
BRDA:57,6,1,4
BRDA:60,7,0,0
BRDA:60,7,1,4
BRDA:88,8,0,0
BRDA:88,8,1,4
BRDA:88,9,0,4
BRDA:88,9,1,0
BRDA:95,10,0,4
BRDA:95,10,1,0
BRDA:95,11,0,4
BRDA:95,11,1,0
BRDA:95,11,2,0
BRDA:114,12,0,0
BRDA:114,12,1,0
BRDA:124,13,0,0
BRDA:124,13,1,4
BRDA:162,14,0,0
BRDA:162,14,1,1
BRDA:167,15,0,1
BRDA:167,15,1,0
BRDA:170,16,0,0
BRDA:170,16,1,0
BRDA:177,17,0,0
BRDA:177,17,1,0
BRDA:183,18,0,0
BRDA:183,18,1,0
BRDA:184,19,0,0
BRDA:184,19,1,0
BRDA:213,20,0,35
BRDA:213,20,1,18
BRDA:215,21,0,0
BRDA:215,21,1,18
BRDA:226,22,0,0
BRDA:226,22,1,18
BRDA:227,23,0,0
BRDA:227,23,1,18
BRDA:247,24,0,35
BRDA:247,24,1,8
BRDA:270,25,0,35
BRDA:270,25,1,9
BRDA:304,26,0,5
BRDA:304,26,1,4
BRDA:332,27,0,9
BRDA:332,27,1,0
BRDA:343,28,0,9
BRDA:343,28,1,0
BRDA:344,29,0,9
BRDA:344,29,1,0
BRDA:353,30,0,5
BRDA:353,30,1,4
BRDA:403,31,0,5
BRDA:403,31,1,4
BRDA:419,32,0,35
BRDA:419,32,1,0
BRF:67
BRH:33
end_of_record
TN:
SF:src\components\CarbonScoreCard.jsx
FN:4,CarbonScoreCard
FN:17,(anonymous_1)
FN:95,(anonymous_2)
FN:130,(anonymous_3)
FN:131,(anonymous_4)
FN:168,(anonymous_5)
FNF:6
FNH:5
FNDA:24,CarbonScoreCard
FNDA:192,(anonymous_1)
FNDA:4,(anonymous_2)
FNDA:1,(anonymous_3)
FNDA:0,(anonymous_4)
FNDA:44,(anonymous_5)
DA:5,24
DA:6,24
DA:11,24
DA:12,24
DA:13,24
DA:17,192
DA:20,24
DA:21,24
DA:23,24
DA:96,4
DA:130,1
DA:131,0
DA:169,44
LF:13
LH:12
BRDA:4,0,0,24
BRDA:4,1,0,24
BRDA:4,2,0,24
BRDA:4,3,0,24
BRDA:4,4,0,24
BRDA:4,5,0,24
BRDA:6,6,0,24
BRDA:6,6,1,0
BRDA:12,7,0,5
BRDA:12,7,1,19
BRDA:13,8,0,24
BRDA:13,8,1,0
BRDA:44,9,0,1
BRDA:44,9,1,23
BRDA:61,10,0,18
BRDA:61,10,1,6
BRDA:65,11,0,5
BRDA:65,11,1,1
BRDA:77,12,0,1
BRDA:77,12,1,23
BRDA:89,13,0,24
BRDA:89,13,1,2
BRDA:103,14,0,2
BRDA:103,14,1,0
BRDA:103,15,0,0
BRDA:103,15,1,0
BRDA:104,16,0,2
BRDA:104,16,1,0
BRDA:106,17,0,0
BRDA:106,17,1,0
BRF:30
BRH:22
end_of_record
TN:
SF:src\components\ChallengeTrackerCard.jsx
FN:6,ChallengeTrackerCard
FN:13,(anonymous_1)
FN:24,(anonymous_2)
FN:27,(anonymous_3)
FN:38,(anonymous_4)
FN:48,(anonymous_5)
FN:49,(anonymous_6)
FN:60,(anonymous_7)
FN:72,(anonymous_8)
FN:75,(anonymous_9)
FN:89,(anonymous_10)
FN:99,(anonymous_11)
FN:105,(anonymous_12)
FN:115,(anonymous_13)
FN:116,(anonymous_14)
FN:117,(anonymous_15)
FN:170,(anonymous_16)
FN:174,(anonymous_17)
FN:175,(anonymous_18)
FN:189,(anonymous_19)
FN:193,(anonymous_20)
FN:194,(anonymous_21)
FN:208,(anonymous_22)
FN:213,(anonymous_23)
FN:214,(anonymous_24)
FN:228,ChallengeItem
FNF:26
FNH:11
FNDA:11,ChallengeTrackerCard
FNDA:10,(anonymous_1)
FNDA:7,(anonymous_2)
FNDA:99,(anonymous_3)
FNDA:0,(anonymous_4)
FNDA:0,(anonymous_5)
FNDA:0,(anonymous_6)
FNDA:0,(anonymous_7)
FNDA:0,(anonymous_8)
FNDA:0,(anonymous_9)
FNDA:0,(anonymous_10)
FNDA:0,(anonymous_11)
FNDA:0,(anonymous_12)
FNDA:99,(anonymous_13)
FNDA:99,(anonymous_14)
FNDA:99,(anonymous_15)
FNDA:33,(anonymous_16)
FNDA:0,(anonymous_17)
FNDA:0,(anonymous_18)
FNDA:33,(anonymous_19)
FNDA:0,(anonymous_20)
FNDA:0,(anonymous_21)
FNDA:33,(anonymous_22)
FNDA:0,(anonymous_23)
FNDA:0,(anonymous_24)
FNDA:99,ChallengeItem
DA:13,11
DA:14,10
DA:15,10
DA:16,10
DA:18,0
DA:23,11
DA:24,11
DA:27,11
DA:28,99
DA:29,11
DA:31,88
DA:32,11
DA:34,77
DA:38,11
DA:39,0
DA:40,0
DA:41,0
DA:43,0
DA:48,11
DA:49,0
DA:50,0
DA:51,0
DA:52,0
DA:54,0
DA:56,0
DA:60,11
DA:62,0
DA:63,0
DA:64,0
DA:72,0
DA:75,0
DA:76,0
DA:77,0
DA:79,0
DA:82,0
DA:84,0
DA:85,0
DA:89,0
DA:90,0
DA:91,0
DA:93,0
DA:95,0
DA:99,11
DA:100,0
DA:101,0
DA:102,0
DA:103,0
DA:105,0
DA:110,0
DA:115,99
DA:116,99
DA:117,99
DA:119,11
DA:171,33
DA:174,0
DA:175,0
DA:190,33
DA:193,0
DA:194,0
DA:209,33
DA:213,0
DA:214,0
DA:229,99
DA:230,99
DA:232,99
LF:65
LH:26
BRDA:8,0,0,11
BRDA:9,1,0,11
BRDA:16,2,0,0
BRDA:16,2,1,10
BRDA:23,3,0,11
BRDA:23,3,1,11
BRDA:23,4,0,11
BRDA:23,4,1,11
BRDA:23,5,0,11
BRDA:23,5,1,11
BRDA:24,6,0,11
BRDA:24,6,1,0
BRDA:28,7,0,11
BRDA:28,7,1,88
BRDA:31,8,0,11
BRDA:31,8,1,77
BRDA:48,9,0,0
BRDA:50,10,0,0
BRDA:50,10,1,0
BRDA:50,11,0,0
BRDA:50,11,1,0
BRDA:63,12,0,0
BRDA:63,12,1,0
BRDA:77,13,0,0
BRDA:77,13,1,0
BRDA:82,14,0,0
BRDA:82,14,1,0
BRDA:90,15,0,0
BRDA:90,15,1,0
BRDA:100,16,0,0
BRDA:100,16,1,0
BRDA:107,17,0,0
BRDA:107,17,1,0
BRDA:107,18,0,0
BRDA:107,18,1,0
BRDA:139,19,0,0
BRDA:139,19,1,11
BRDA:141,20,0,11
BRDA:141,20,1,11
BRDA:141,21,0,0
BRDA:141,21,1,11
BRDA:145,22,0,11
BRDA:145,22,1,11
BRDA:213,23,0,0
BRDA:213,23,1,22
BRDA:215,24,0,33
BRDA:215,24,1,22
BRDA:228,25,0,99
BRDA:233,26,0,0
BRDA:233,26,1,99
BRDA:233,27,0,0
BRDA:233,27,1,99
BRDA:233,28,0,99
BRDA:233,28,1,0
BRDA:246,29,0,0
BRDA:246,29,1,99
BRDA:248,30,0,0
BRDA:248,30,1,99
BRDA:260,31,0,0
BRDA:260,31,1,99
BRDA:264,32,0,0
BRDA:264,32,1,99
BRDA:274,33,0,77
BRDA:274,33,1,22
BRDA:282,34,0,22
BRDA:282,34,1,0
BRF:66
BRH:34
end_of_record
TN:
SF:src\components\ChartCard.jsx
FN:4,ChartCard
FN:7,(anonymous_1)
FN:12,(anonymous_2)
FN:24,(anonymous_3)
FN:44,(anonymous_4)
FN:46,(anonymous_5)
FN:92,(anonymous_6)
FN:109,(anonymous_7)
FN:110,(anonymous_8)
FN:111,(anonymous_9)
FN:112,(anonymous_10)
FN:113,(anonymous_11)
FN:140,(anonymous_12)
FN:147,(anonymous_13)
FN:148,(anonymous_14)
FN:149,(anonymous_15)
FN:150,(anonymous_16)
FN:151,(anonymous_17)
FNF:18
FNH:18
FNDA:34,ChartCard
FNDA:21,(anonymous_1)
FNDA:21,(anonymous_2)
FNDA:84,(anonymous_3)
FNDA:31,(anonymous_4)
FNDA:6,(anonymous_5)
FNDA:132,(anonymous_6)
FNDA:1,(anonymous_7)
FNDA:1,(anonymous_8)
FNDA:1,(anonymous_9)
FNDA:1,(anonymous_10)
FNDA:3,(anonymous_11)
FNDA:132,(anonymous_12)
FNDA:1,(anonymous_13)
FNDA:1,(anonymous_14)
FNDA:2,(anonymous_15)
FNDA:1,(anonymous_16)
FNDA:3,(anonymous_17)
DA:5,34
DA:7,34
DA:8,21
DA:12,34
DA:13,21
DA:20,21
DA:21,21
DA:22,21
DA:24,21
DA:25,84
DA:26,84
DA:27,84
DA:30,84
DA:32,84
DA:44,34
DA:45,31
DA:46,6
DA:49,34
DA:50,34
DA:51,34
DA:53,34
DA:93,132
DA:109,1
DA:110,1
DA:111,1
DA:112,1
DA:114,3
DA:115,2
DA:116,2
DA:141,132
DA:147,1
DA:148,1
DA:149,2
DA:150,1
DA:152,3
DA:153,2
DA:154,2
LF:37
LH:37
BRDA:4,0,0,34
BRDA:25,1,0,80
BRDA:25,1,1,4
BRDA:45,2,0,25
BRDA:45,2,1,6
BRDA:49,3,0,8
BRDA:49,3,1,26
BRDA:50,4,0,8
BRDA:50,4,1,26
BRDA:51,5,0,8
BRDA:51,5,1,26
BRDA:65,6,0,1
BRDA:65,6,1,33
BRDA:100,7,0,8
BRDA:100,7,1,124
BRDA:101,8,0,8
BRDA:101,8,1,124
BRDA:114,9,0,2
BRDA:114,9,1,1
BRDA:114,10,0,3
BRDA:114,10,1,2
BRDA:132,11,0,8
BRDA:132,11,1,25
BRDA:152,12,0,2
BRDA:152,12,1,1
BRDA:152,13,0,3
BRDA:152,13,1,2
BRDA:161,14,0,8
BRDA:161,14,1,124
BRDA:167,15,0,8
BRDA:167,15,1,124
BRF:31
BRH:31
end_of_record
TN:
SF:src\components\EcoPulseAI.jsx
FN:6,EcoPulseAI
FN:15,(anonymous_1)
FN:45,(anonymous_2)
FN:58,(anonymous_3)
FN:67,(anonymous_4)
FN:85,(anonymous_5)
FN:93,(anonymous_6)
FN:96,(anonymous_7)
FN:119,(anonymous_8)
FN:141,(anonymous_9)
FN:178,(anonymous_10)
FN:195,(anonymous_11)
FN:235,(anonymous_12)
FN:236,(anonymous_13)
FN:261,(anonymous_14)
FN:272,(anonymous_15)
FN:290,(anonymous_16)
FN:411,(anonymous_17)
FN:419,(anonymous_18)
FN:427,(anonymous_19)
FN:435,(anonymous_20)
FN:450,(anonymous_21)
FN:503,(anonymous_22)
FN:513,(anonymous_23)
FNF:24
FNH:17
FNDA:37,EcoPulseAI
FNDA:5,(anonymous_1)
FNDA:10,(anonymous_2)
FNDA:9,(anonymous_3)
FNDA:1,(anonymous_4)
FNDA:37,(anonymous_5)
FNDA:107,(anonymous_6)
FNDA:107,(anonymous_7)
FNDA:72,(anonymous_8)
FNDA:107,(anonymous_9)
FNDA:2,(anonymous_10)
FNDA:2,(anonymous_11)
FNDA:2,(anonymous_12)
FNDA:0,(anonymous_13)
FNDA:0,(anonymous_14)
FNDA:1,(anonymous_15)
FNDA:0,(anonymous_16)
FNDA:0,(anonymous_17)
FNDA:0,(anonymous_18)
FNDA:0,(anonymous_19)
FNDA:0,(anonymous_20)
FNDA:43,(anonymous_21)
FNDA:2,(anonymous_22)
FNDA:27,(anonymous_23)
DA:4,1
DA:15,37
DA:16,5
DA:17,5
DA:18,5
DA:20,0
DA:24,3
DA:36,37
DA:37,37
DA:38,37
DA:40,37
DA:41,37
DA:42,37
DA:45,37
DA:46,10
DA:47,10
DA:49,10
DA:50,3
DA:53,10
DA:54,10
DA:58,37
DA:59,9
DA:60,9
DA:62,0
DA:67,37
DA:68,1
DA:69,1
DA:79,1
DA:80,1
DA:85,37
DA:86,37
DA:88,37
DA:89,37
DA:90,37
DA:93,37
DA:94,107
DA:95,107
DA:96,107
DA:97,107
DA:98,0
DA:114,107
DA:119,37
DA:120,72
DA:121,72
DA:122,72
DA:123,72
DA:126,72
DA:127,35
DA:128,35
DA:130,35
DA:131,35
DA:134,72
DA:135,72
DA:138,72
DA:141,37
DA:142,107
DA:143,107
DA:145,0
DA:148,107
DA:149,0
DA:154,0
DA:157,107
DA:158,35
DA:161,72
DA:166,37
DA:167,0
DA:174,37
DA:178,37
DA:179,2
DA:180,2
DA:182,2
DA:183,0
DA:184,0
DA:188,2
DA:195,2
DA:196,2
DA:197,2
DA:198,2
DA:201,2
DA:232,2
DA:234,2
DA:235,2
DA:236,0
DA:242,2
DA:247,2
DA:260,2
DA:261,1
DA:262,1
DA:265,1
DA:266,1
DA:268,2
DA:269,0
DA:272,1
DA:282,1
DA:283,1
DA:285,2
DA:290,37
DA:291,0
DA:292,0
DA:293,0
DA:294,0
DA:296,0
DA:299,37
DA:411,0
DA:419,0
DA:427,0
DA:435,0
DA:451,43
DA:504,2
DA:505,2
DA:513,27
LF:111
LH:91
BRDA:18,0,0,2
BRDA:18,0,1,3
BRDA:28,1,0,3
BRDA:28,1,1,0
BRDA:47,2,0,10
BRDA:47,2,1,2
BRDA:49,3,0,3
BRDA:49,3,1,7
BRDA:49,4,0,10
BRDA:49,4,1,7
BRDA:68,5,0,1
BRDA:68,5,1,0
BRDA:73,6,0,1
BRDA:73,6,1,0
BRDA:86,7,0,0
BRDA:86,7,1,37
BRDA:97,8,0,0
BRDA:97,8,1,107
BRDA:120,9,0,0
BRDA:120,9,1,72
BRDA:127,10,0,35
BRDA:127,10,1,0
BRDA:134,11,0,72
BRDA:134,11,1,0
BRDA:138,12,0,72
BRDA:138,12,1,0
BRDA:143,13,0,0
BRDA:143,13,1,107
BRDA:143,14,0,107
BRDA:143,14,1,107
BRDA:148,15,0,0
BRDA:148,15,1,107
BRDA:157,16,0,35
BRDA:157,16,1,72
BRDA:166,17,0,0
BRDA:166,17,1,37
BRDA:179,18,0,2
BRDA:179,18,1,2
BRDA:180,19,0,0
BRDA:180,19,1,2
BRDA:182,20,0,0
BRDA:182,20,1,2
BRDA:203,21,0,2
BRDA:203,21,1,0
BRDA:204,22,0,2
BRDA:204,22,1,0
BRDA:206,23,0,2
BRDA:206,23,1,0
BRDA:207,24,0,2
BRDA:207,24,1,0
BRDA:208,25,0,2
BRDA:208,25,1,0
BRDA:209,26,0,2
BRDA:209,26,1,0
BRDA:211,27,0,2
BRDA:211,27,1,0
BRDA:212,28,0,2
BRDA:212,28,1,0
BRDA:213,29,0,2
BRDA:213,29,1,0
BRDA:214,30,0,2
BRDA:214,30,1,0
BRDA:215,31,0,2
BRDA:215,31,1,2
BRDA:216,32,0,2
BRDA:216,32,1,0
BRDA:217,33,0,2
BRDA:217,33,1,0
BRDA:218,34,0,2
BRDA:218,34,1,0
BRDA:219,35,0,2
BRDA:219,35,1,0
BRDA:221,36,0,2
BRDA:221,36,1,0
BRDA:222,37,0,2
BRDA:222,37,1,0
BRDA:223,38,0,2
BRDA:223,38,1,0
BRDA:237,39,0,0
BRDA:237,39,1,0
BRDA:260,40,0,1
BRDA:260,40,1,1
BRDA:262,41,0,1
BRDA:262,41,1,0
BRDA:268,42,0,0
BRDA:268,42,1,2
BRDA:283,43,0,1
BRDA:283,43,1,0
BRDA:291,44,0,0
BRDA:291,44,1,0
BRDA:292,45,0,0
BRDA:292,45,1,0
BRDA:320,46,0,37
BRDA:320,46,1,0
BRDA:323,47,0,37
BRDA:323,47,1,0
BRDA:328,48,0,37
BRDA:328,48,1,0
BRDA:350,49,0,37
BRDA:350,49,1,0
BRDA:378,50,0,37
BRDA:378,50,1,0
BRDA:382,51,0,37
BRDA:382,51,1,0
BRDA:386,52,0,37
BRDA:386,52,1,0
BRDA:391,53,0,37
BRDA:391,53,1,0
BRDA:396,54,0,37
BRDA:396,54,1,0
BRDA:396,55,0,37
BRDA:396,55,1,0
BRDA:455,56,0,37
BRDA:455,56,1,6
BRDA:460,57,0,6
BRDA:460,57,1,37
BRDA:469,58,0,37
BRDA:469,58,1,2
BRDA:479,59,0,37
BRDA:479,59,1,1
BRDA:514,60,0,37
BRDA:514,60,1,0
BRDA:515,61,0,37
BRDA:515,61,1,35
BRDA:520,62,0,37
BRDA:520,62,1,35
BRDA:520,62,2,35
BRF:127
BRH:76
end_of_record
TN:
SF:src\components\EcoSphere.jsx
FN:11,EcoSphere
FN:15,(anonymous_1)
FN:29,(anonymous_2)
FNF:3
FNH:3
FNDA:6,EcoSphere
FNDA:6,(anonymous_1)
FNDA:6,(anonymous_2)
DA:15,6
DA:16,6
DA:17,6
DA:19,6
DA:20,4
DA:22,3
DA:23,3
DA:24,3
DA:29,6
DA:33,6
DA:34,2
DA:44,4
DA:45,1
DA:55,3
DA:56,2
DA:67,1
DA:80,6
LF:17
LH:17
BRDA:11,0,0,6
BRDA:11,1,0,6
BRDA:19,2,0,2
BRDA:19,2,1,4
BRDA:20,3,0,1
BRDA:20,3,1,3
BRDA:33,4,0,2
BRDA:33,4,1,4
BRDA:44,5,0,1
BRDA:44,5,1,3
BRDA:55,6,0,2
BRDA:55,6,1,1
BRDA:164,7,0,3
BRDA:164,7,1,3
BRDA:166,8,0,2
BRDA:166,8,1,1
BRF:16
BRH:16
end_of_record
TN:
SF:src\components\HabitTrackerCard.jsx
FN:42,HabitTrackerCard
FN:51,(anonymous_1)
FN:64,(anonymous_2)
FN:73,(anonymous_3)
FN:76,(anonymous_4)
FN:96,(anonymous_5)
FN:111,(anonymous_6)
FNF:7
FNH:4
FNDA:19,HabitTrackerCard
FNDA:2,(anonymous_1)
FNDA:0,(anonymous_2)
FNDA:0,(anonymous_3)
FNDA:0,(anonymous_4)
FNDA:95,(anonymous_5)
FNDA:2,(anonymous_6)
DA:4,2
DA:51,19
DA:53,2
DA:54,2
DA:55,1
DA:64,2
DA:65,0
DA:66,0
DA:73,2
DA:76,2
DA:79,19
DA:98,95
DA:100,95
DA:111,2
LF:14
LH:12
BRDA:45,0,0,19
BRDA:47,1,0,19
BRDA:54,2,0,1
BRDA:54,2,1,1
BRDA:54,3,0,2
BRDA:54,3,1,2
BRDA:65,4,0,0
BRDA:65,4,1,0
BRDA:68,5,0,0
BRDA:68,5,1,0
BRDA:73,6,0,0
BRDA:73,6,1,0
BRDA:76,7,0,0
BRDA:76,7,1,0
BRDA:98,8,0,95
BRDA:98,8,1,87
BRDA:103,9,0,8
BRDA:103,9,1,87
BRF:18
BRH:10
end_of_record
TN:
SF:src\components\Navbar.jsx
FN:4,Navbar
FN:8,(anonymous_1)
FN:9,(anonymous_2)
FN:13,(anonymous_3)
FN:16,(anonymous_4)
FN:34,(anonymous_5)
FN:56,(anonymous_6)
FNF:7
FNH:7
FNDA:16,Navbar
FNDA:13,(anonymous_1)
FNDA:2,(anonymous_2)
FNDA:13,(anonymous_3)
FNDA:2,(anonymous_4)
FNDA:80,(anonymous_5)
FNDA:80,(anonymous_6)
DA:5,16
DA:8,16
DA:9,13
DA:10,2
DA:12,13
DA:13,13
DA:16,16
DA:18,16
DA:26,16
DA:35,80
DA:57,80
LF:11
LH:11
BRDA:29,0,0,1
BRDA:29,0,1,15
BRDA:45,1,0,2
BRDA:45,1,1,14
BRDA:48,2,0,2
BRDA:48,2,1,14
BRF:6
BRH:6
end_of_record
TN:
SF:src\components\OffsetSimulatorCard.jsx
FN:4,OffsetSimulatorCard
FN:6,(anonymous_1)
FN:9,(anonymous_2)
FNF:3
FNH:3
FNDA:19,OffsetSimulatorCard
FNDA:2,(anonymous_1)
FNDA:2,(anonymous_2)
DA:6,19
DA:7,2
DA:8,2
DA:9,2
DA:15,19
DA:20,19
DA:21,19
DA:23,19
LF:8
LH:8
BRDA:4,0,0,19
BRDA:8,1,0,2
BRDA:8,1,1,1
BRDA:127,2,0,19
BRDA:127,2,1,7
BRF:5
BRH:5
end_of_record
TN:
SF:src\components\OnboardingWizard.jsx
FN:11,OnboardingWizard
FN:30,(anonymous_1)
FN:36,(anonymous_2)
FN:56,(anonymous_3)
FN:59,(anonymous_4)
FN:60,(anonymous_5)
FN:63,(anonymous_6)
FN:64,(anonymous_7)
FN:67,(anonymous_8)
FN:84,(anonymous_9)
FN:87,(anonymous_10)
FN:100,(anonymous_11)
FN:102,(anonymous_12)
FN:178,(anonymous_13)
FN:185,(anonymous_14)
FN:287,(anonymous_15)
FN:294,(anonymous_16)
FN:321,(anonymous_17)
FN:328,(anonymous_18)
FN:343,(anonymous_19)
FN:350,(anonymous_20)
FN:365,(anonymous_21)
FNF:22
FNH:19
FNDA:67,OnboardingWizard
FNDA:17,(anonymous_1)
FNDA:1,(anonymous_2)
FNDA:17,(anonymous_3)
FNDA:4,(anonymous_4)
FNDA:4,(anonymous_5)
FNDA:0,(anonymous_6)
FNDA:0,(anonymous_7)
FNDA:30,(anonymous_8)
FNDA:30,(anonymous_9)
FNDA:23,(anonymous_10)
FNDA:1,(anonymous_11)
FNDA:1,(anonymous_12)
FNDA:125,(anonymous_13)
FNDA:1,(anonymous_14)
FNDA:75,(anonymous_15)
FNDA:1,(anonymous_16)
FNDA:40,(anonymous_17)
FNDA:1,(anonymous_18)
FNDA:30,(anonymous_19)
FNDA:1,(anonymous_20)
FNDA:0,(anonymous_21)
DA:4,2
DA:12,67
DA:13,67
DA:25,67
DA:27,67
DA:28,67
DA:30,67
DA:31,17
DA:32,17
DA:35,17
DA:36,1
DA:37,1
DA:38,1
DA:39,1
DA:43,17
DA:44,6
DA:47,11
DA:50,11
DA:51,11
DA:52,11
DA:53,11
DA:56,17
DA:59,67
DA:60,4
DA:63,67
DA:64,0
DA:67,67
DA:68,30
DA:69,30
DA:70,11
DA:72,30
DA:73,8
DA:75,30
DA:76,7
DA:77,7
DA:80,30
DA:81,30
DA:84,67
DA:85,30
DA:86,27
DA:87,23
DA:90,4
DA:100,67
DA:101,1
DA:102,1
DA:106,67
DA:179,125
DA:185,1
DA:288,75
DA:294,1
DA:322,40
DA:328,1
DA:344,30
DA:350,1
DA:365,0
LF:55
LH:53
BRDA:35,0,0,1
BRDA:35,0,1,16
BRDA:43,1,0,6
BRDA:43,1,1,11
BRDA:50,2,0,0
BRDA:50,2,1,11
BRDA:50,3,0,11
BRDA:50,3,1,3
BRDA:51,4,0,0
BRDA:51,4,1,11
BRDA:51,5,0,11
BRDA:51,5,1,4
BRDA:52,6,0,0
BRDA:52,6,1,11
BRDA:52,7,0,11
BRDA:52,7,1,3
BRDA:53,8,0,0
BRDA:53,8,1,11
BRDA:53,9,0,11
BRDA:53,9,1,1
BRDA:69,10,0,11
BRDA:69,10,1,19
BRDA:70,11,0,1
BRDA:70,11,1,10
BRDA:72,12,0,8
BRDA:72,12,1,22
BRDA:73,13,0,1
BRDA:73,13,1,7
BRDA:75,14,0,7
BRDA:75,14,1,23
BRDA:76,15,0,1
BRDA:76,15,1,6
BRDA:77,16,0,0
BRDA:77,16,1,7
BRDA:85,17,0,3
BRDA:85,17,1,27
BRDA:86,18,0,23
BRDA:86,18,1,4
BRDA:92,19,0,4
BRDA:92,19,1,0
BRDA:93,20,0,4
BRDA:93,20,1,0
BRDA:94,21,0,4
BRDA:94,21,1,0
BRDA:95,22,0,4
BRDA:95,22,1,3
BRDA:101,23,0,1
BRDA:101,23,1,0
BRDA:140,24,0,67
BRDA:140,24,1,25
BRDA:157,25,0,1
BRDA:157,25,1,24
BRDA:162,26,0,1
BRDA:162,26,1,24
BRDA:164,27,0,25
BRDA:164,27,1,1
BRDA:184,28,0,25
BRDA:184,28,1,100
BRDA:195,29,0,67
BRDA:195,29,1,17
BRDA:212,30,0,1
BRDA:212,30,1,16
BRDA:217,31,0,1
BRDA:217,31,1,16
BRDA:219,32,0,17
BRDA:219,32,1,1
BRDA:229,33,0,67
BRDA:229,33,1,15
BRDA:246,34,0,1
BRDA:246,34,1,14
BRDA:251,35,0,1
BRDA:251,35,1,14
BRDA:253,36,0,15
BRDA:253,36,1,1
BRDA:293,37,0,15
BRDA:293,37,1,60
BRDA:304,38,0,67
BRDA:304,38,1,10
BRDA:327,39,0,10
BRDA:327,39,1,30
BRDA:349,40,0,10
BRDA:349,40,1,20
BRDA:379,41,0,25
BRDA:379,41,1,42
BRDA:391,42,0,10
BRDA:391,42,1,57
BRF:86
BRH:77
end_of_record
TN:
SF:src\components\RecommendationsCard.jsx
FN:3,RecommendationsCard
FN:32,(anonymous_1)
FNF:2
FNH:2
FNDA:19,RecommendationsCard
FNDA:38,(anonymous_1)
DA:4,19
DA:33,38
LF:2
LH:2
BRDA:3,0,0,19
BRDA:16,1,0,4
BRDA:16,1,1,15
BRDA:38,2,0,38
BRDA:38,2,1,38
BRDA:52,3,0,19
BRDA:52,3,1,15
BRF:7
BRH:7
end_of_record
TN:
SF:src\utils\carbonCalculations.js
FN:58,calculateFootprint
FN:108,calculateOffsets
FN:127,getRecommendations
FN:253,getUnlockedBadges
FNF:4
FNH:4
FNDA:43,calculateFootprint
FNDA:46,calculateOffsets
FNDA:18,getRecommendations
FNDA:35,getUnlockedBadges
DA:7,6
DA:60,43
DA:61,43
DA:62,43
DA:63,43
DA:66,43
DA:67,43
DA:68,43
DA:69,43
DA:72,43
DA:73,43
DA:74,43
DA:75,43
DA:78,43
DA:81,43
DA:82,43
DA:83,34
DA:85,43
DA:88,43
DA:90,43
DA:109,46
DA:110,46
DA:111,46
DA:113,46
DA:114,46
DA:115,46
DA:117,46
DA:128,18
DA:131,18
DA:132,7
DA:133,7
DA:142,7
DA:143,7
DA:154,18
DA:155,7
DA:166,18
DA:167,17
DA:177,18
DA:178,17
DA:189,18
DA:190,7
DA:198,11
DA:199,10
DA:210,18
DA:211,7
DA:220,18
DA:221,7
DA:232,18
DA:233,1
DA:243,18
DA:254,35
DA:256,35
DA:315,35
LF:53
LH:53
BRDA:60,0,0,43
BRDA:60,0,1,2
BRDA:61,1,0,43
BRDA:61,1,1,6
BRDA:62,2,0,43
BRDA:62,2,1,1
BRDA:63,3,0,43
BRDA:63,3,1,37
BRDA:66,4,0,43
BRDA:66,4,1,4
BRDA:74,5,0,43
BRDA:74,5,1,7
BRDA:78,6,0,43
BRDA:78,6,1,0
BRDA:81,7,0,43
BRDA:81,7,1,0
BRDA:82,8,0,34
BRDA:82,8,1,9
BRDA:109,9,0,46
BRDA:109,9,1,35
BRDA:110,10,0,46
BRDA:110,10,1,35
BRDA:111,11,0,46
BRDA:111,11,1,35
BRDA:131,12,0,7
BRDA:131,12,1,11
BRDA:132,13,0,7
BRDA:132,13,1,0
BRDA:142,14,0,7
BRDA:142,14,1,0
BRDA:149,15,0,7
BRDA:149,15,1,0
BRDA:154,16,0,7
BRDA:154,16,1,11
BRDA:166,17,0,17
BRDA:166,17,1,1
BRDA:166,18,0,18
BRDA:166,18,1,17
BRDA:177,19,0,17
BRDA:177,19,1,1
BRDA:177,20,0,18
BRDA:177,20,1,18
BRDA:184,21,0,0
BRDA:184,21,1,17
BRDA:189,22,0,7
BRDA:189,22,1,11
BRDA:198,23,0,10
BRDA:198,23,1,1
BRDA:210,24,0,7
BRDA:210,24,1,11
BRDA:220,25,0,7
BRDA:220,25,1,11
BRDA:232,26,0,1
BRDA:232,26,1,17
BRDA:253,27,0,35
BRDA:253,28,0,35
BRDA:254,29,0,35
BRDA:254,30,0,35
BRDA:254,31,0,35
BRDA:254,31,1,1
BRDA:283,32,0,35
BRDA:283,32,1,27
BRDA:290,33,0,35
BRDA:290,33,1,34
BRDA:297,34,0,35
BRDA:297,34,1,34
BRF:66
BRH:60
end_of_record
TN:
SF:src\utils\challengeEngine.js
FN:109,updateStreakOnClaim
FNF:1
FNH:1
FNDA:4,updateStreakOnClaim
DA:5,2
DA:110,4
DA:111,4
DA:112,4
DA:113,4
DA:115,4
DA:116,4
DA:118,4
DA:120,3
DA:122,1
DA:125,2
DA:128,4
LF:12
LH:12
BRDA:109,0,0,4
BRDA:115,1,0,4
BRDA:115,1,1,1
BRDA:116,2,0,4
BRDA:116,2,1,1
BRDA:118,3,0,1
BRDA:118,3,1,3
BRDA:120,4,0,1
BRDA:120,4,1,2
BRF:9
BRH:9
end_of_record
TN:
SF:src\utils\forecastEngine.js
FN:6,generateForecast
FN:26,(anonymous_1)
FN:30,(anonymous_2)
FN:34,(anonymous_3)
FNF:4
FNH:4
FNDA:22,generateForecast
FNDA:52,(anonymous_1)
FNDA:7,(anonymous_2)
FNDA:132,(anonymous_3)
DA:8,22
DA:9,22
DA:10,22
DA:11,132
DA:12,132
DA:16,22
DA:17,22
DA:19,2
DA:20,2
DA:21,2
DA:26,52
DA:27,22
DA:30,22
DA:31,22
DA:33,22
DA:34,22
DA:35,132
DA:38,132
DA:39,132
DA:43,132
DA:44,132
DA:45,132
DA:47,132
DA:48,132
DA:51,132
DA:52,132
DA:54,132
DA:63,22
DA:64,22
DA:65,22
DA:66,1
DA:67,1
DA:68,21
DA:69,0
DA:70,0
DA:71,21
DA:72,20
DA:73,20
DA:77,22
DA:81,22
DA:83,22
DA:84,1
DA:87,21
DA:88,21
DA:89,21
DA:91,21
DA:92,21
DA:95,22
LF:48
LH:46
BRDA:6,0,0,22
BRDA:6,1,0,22
BRDA:6,2,0,22
BRDA:6,3,0,22
BRDA:6,4,0,22
BRDA:17,5,0,2
BRDA:17,5,1,20
BRDA:17,6,0,22
BRDA:17,6,1,22
BRDA:19,7,0,2
BRDA:19,7,1,0
BRDA:20,8,0,2
BRDA:20,8,1,0
BRDA:26,9,0,52
BRDA:26,9,1,0
BRDA:45,10,0,132
BRDA:45,10,1,132
BRDA:45,11,0,132
BRDA:45,11,1,132
BRDA:65,12,0,1
BRDA:65,12,1,21
BRDA:68,13,0,0
BRDA:68,13,1,21
BRDA:71,14,0,20
BRDA:71,14,1,1
BRDA:71,15,0,21
BRDA:71,15,1,21
BRDA:83,16,0,1
BRDA:83,16,1,21
BRDA:89,17,0,1
BRDA:89,17,1,20
BRDA:89,18,0,0
BRDA:89,18,1,20
BRF:33
BRH:28
end_of_record
TN:
SF:src\utils\personalityEngine.js
FN:124,calculatePersonality
FN:183,(anonymous_1)
FNF:2
FNH:2
FNDA:26,calculatePersonality
FNDA:120,(anonymous_1)
DA:6,2
DA:125,26
DA:127,24
DA:128,26
DA:129,26
DA:130,26
DA:131,26
DA:133,26
DA:142,26
DA:143,26
DA:144,24
DA:145,24
DA:146,24
DA:149,24
DA:150,24
DA:151,24
DA:152,24
DA:153,24
DA:154,26
DA:155,24
DA:158,24
DA:159,24
DA:160,24
DA:161,24
DA:164,24
DA:165,24
DA:166,24
DA:167,24
DA:168,24
DA:169,24
DA:172,24
DA:173,24
DA:174,24
DA:175,24
DA:176,24
DA:179,24
DA:180,24
DA:182,24
DA:183,24
DA:184,120
DA:185,65
DA:186,65
DA:191,24
DA:193,24
LF:44
LH:44
BRDA:125,0,0,2
BRDA:125,0,1,24
BRDA:127,1,0,24
BRDA:127,1,1,0
BRDA:128,2,0,26
BRDA:128,2,1,2
BRDA:129,3,0,26
BRDA:129,3,1,1
BRDA:130,4,0,26
BRDA:130,4,1,0
BRDA:131,5,0,26
BRDA:131,5,1,0
BRDA:143,6,0,3
BRDA:143,6,1,23
BRDA:144,7,0,3
BRDA:144,7,1,21
BRDA:144,8,0,24
BRDA:144,8,1,22
BRDA:145,9,0,1
BRDA:145,9,1,23
BRDA:146,10,0,1
BRDA:146,10,1,23
BRDA:149,11,0,3
BRDA:149,11,1,21
BRDA:150,12,0,2
BRDA:150,12,1,22
BRDA:151,13,0,10
BRDA:151,13,1,14
BRDA:152,14,0,3
BRDA:152,14,1,21
BRDA:153,15,0,24
BRDA:153,15,1,23
BRDA:153,16,0,26
BRDA:153,16,1,24
BRDA:153,17,0,26
BRDA:153,17,1,24
BRDA:154,18,0,1
BRDA:154,18,1,25
BRDA:155,19,0,1
BRDA:155,19,1,23
BRDA:158,20,0,2
BRDA:158,20,1,22
BRDA:159,21,0,2
BRDA:159,21,1,22
BRDA:160,22,0,8
BRDA:160,22,1,16
BRDA:161,23,0,20
BRDA:161,23,1,4
BRDA:164,24,0,2
BRDA:164,24,1,22
BRDA:165,25,0,2
BRDA:165,25,1,22
BRDA:166,26,0,2
BRDA:166,26,1,22
BRDA:167,27,0,2
BRDA:167,27,1,22
BRDA:168,28,0,1
BRDA:168,28,1,23
BRDA:169,29,0,4
BRDA:169,29,1,20
BRDA:172,30,0,2
BRDA:172,30,1,22
BRDA:173,31,0,24
BRDA:173,31,1,0
BRDA:174,32,0,2
BRDA:174,32,1,22
BRDA:175,33,0,1
BRDA:175,33,1,23
BRDA:176,34,0,4
BRDA:176,34,1,20
BRDA:184,35,0,65
BRDA:184,35,1,55
BRF:72
BRH:68
end_of_record
TN:
SF:src\utils\scannerEngine.js
FN:17,parseDocumentLocally
FN:117,parseDocumentWithGemini
FNF:2
FNH:2
FNDA:6,parseDocumentLocally
FNDA:4,parseDocumentWithGemini
DA:8,2
DA:18,6
DA:20,6
DA:23,6
DA:24,6
DA:28,6
DA:29,3
DA:30,3
DA:31,3
DA:32,3
DA:33,1
DA:34,1
DA:35,1
DA:39,6
DA:41,3
DA:42,3
DA:43,3
DA:45,1
DA:47,3
DA:48,3
DA:49,3
DA:52,0
DA:53,0
DA:57,3
DA:58,3
DA:60,1
DA:61,1
DA:62,1
DA:64,0
DA:66,1
DA:67,1
DA:68,1
DA:70,0
DA:71,0
DA:76,1
DA:80,2
DA:81,2
DA:82,2
DA:84,1
DA:86,2
DA:87,1
DA:88,1
DA:90,1
DA:91,1
DA:94,2
DA:97,6
DA:118,4
DA:119,0
DA:123,4
DA:125,4
DA:147,4
DA:169,4
DA:170,1
DA:173,3
DA:174,3
DA:176,4
DA:177,1
DA:181,2
DA:182,2
DA:184,1
DA:186,1
LF:61
LH:55
BRDA:17,0,0,6
BRDA:17,1,0,6
BRDA:28,2,0,3
BRDA:28,2,1,3
BRDA:28,3,0,6
BRDA:28,3,1,4
BRDA:28,3,2,4
BRDA:28,3,3,4
BRDA:32,4,0,1
BRDA:32,4,1,2
BRDA:32,5,0,3
BRDA:32,5,1,2
BRDA:32,5,2,2
BRDA:32,5,3,2
BRDA:32,5,4,2
BRDA:32,5,5,2
BRDA:32,5,6,2
BRDA:39,6,0,3
BRDA:39,6,1,3
BRDA:43,7,0,1
BRDA:43,7,1,2
BRDA:47,8,0,3
BRDA:47,8,1,0
BRDA:58,9,0,1
BRDA:58,9,1,2
BRDA:62,10,0,0
BRDA:62,10,1,1
BRDA:66,11,0,1
BRDA:66,11,1,0
BRDA:82,12,0,1
BRDA:82,12,1,1
BRDA:86,13,0,1
BRDA:86,13,1,1
BRDA:100,14,0,6
BRDA:100,14,1,0
BRDA:118,15,0,0
BRDA:118,15,1,4
BRDA:159,16,0,4
BRDA:159,16,1,0
BRDA:169,17,0,1
BRDA:169,17,1,3
BRDA:176,18,0,1
BRDA:176,18,1,3
BRF:43
BRH:37
end_of_record
